Flow report for SOML_project
Sat Dec 06 15:51:32 2025
Quartus Prime Version 17.1.0 Build 590 10/25/2017 SJ Lite Edition


---------------------
; Table of Contents ;
---------------------
  1. Legal Notice
  2. Flow Summary
  3. Flow Settings
  4. Flow Non-Default Global Settings
  5. Flow Elapsed Time
  6. Flow OS Summary
  7. Flow Log
  8. Flow Messages
  9. Flow Suppressed Messages



----------------
; Legal Notice ;
----------------
Copyright (C) 2017  Intel Corporation. All rights reserved.
Your use of Intel Corporation's design tools, logic functions 
and other software and tools, and its AMPP partner logic 
functions, and any output files from any of the foregoing 
(including device programming or simulation files), and any 
associated documentation or information are expressly subject 
to the terms and conditions of the Intel Program License 
Subscription Agreement, the Intel Quartus Prime License Agreement,
the Intel FPGA IP License Agreement, or other applicable license
agreement, including, without limitation, that your use is for
the sole purpose of programming logic devices manufactured by
Intel and sold by Intel or its authorized distributors.  Please
refer to the applicable agreement for further details.



+----------------------------------------------------------------------------------+
; Flow Summary                                                                     ;
+------------------------------------+---------------------------------------------+
; Flow Status                        ; Successful - Sat Dec 06 15:51:32 2025       ;
; Quartus Prime Version              ; 17.1.0 Build 590 10/25/2017 SJ Lite Edition ;
; Revision Name                      ; SOML_project                                ;
; Top-level Entity Name              ; system_top                                  ;
; Family                             ; MAX 10                                      ;
; Device                             ; 10M50DAF484C7G                              ;
; Timing Models                      ; Final                                       ;
; Total logic elements               ; 20,032 / 49,760 ( 40 % )                    ;
;     Total combinational functions  ; 14,347 / 49,760 ( 29 % )                    ;
;     Dedicated logic registers      ; 14,039 / 49,760 ( 28 % )                    ;
; Total registers                    ; 14039                                       ;
; Total pins                         ; 14 / 360 ( 4 % )                            ;
; Total virtual pins                 ; 0                                           ;
; Total memory bits                  ; 10,771 / 1,677,312 ( < 1 % )                ;
; Embedded Multiplier 9-bit elements ; 288 / 288 ( 100 % )                         ;
; Total PLLs                         ; 0 / 4 ( 0 % )                               ;
; UFM blocks                         ; 0 / 1 ( 0 % )                               ;
; ADC blocks                         ; 0 / 2 ( 0 % )                               ;
+------------------------------------+---------------------------------------------+


+-----------------------------------------+
; Flow Settings                           ;
+-------------------+---------------------+
; Option            ; Setting             ;
+-------------------+---------------------+
; Start date & time ; 12/06/2025 15:48:40 ;
; Main task         ; Compilation         ;
; Revision Name     ; SOML_project        ;
+-------------------+---------------------+


+------------------------------------------------------------------------------------------------------------------------------------------------------------------------------+
; Flow Non-Default Global Settings                                                                                                                                             ;
+--------------------------------------+--------------------------------------------------------------------------------------+---------------+-------------+------------------+
; Assignment Name                      ; Value                                                                                ; Default Value ; Entity Name ; Section Id       ;
+--------------------------------------+--------------------------------------------------------------------------------------+---------------+-------------+------------------+
; COMPILER_SIGNATURE_ID                ; 105658701050824.176501092016536                                                      ; --            ; --          ; --               ;
; EDA_DESIGN_INSTANCE_NAME             ; NA                                                                                   ; --            ; --          ; tb_soml_decoder  ;
; EDA_NATIVELINK_SIMULATION_TEST_BENCH ; tb_soml_decoder                                                                      ; --            ; --          ; eda_simulation   ;
; EDA_OUTPUT_DATA_FORMAT               ; Verilog Hdl                                                                          ; --            ; --          ; eda_simulation   ;
; EDA_SIMULATION_TOOL                  ; ModelSim-Altera (Verilog)                                                            ; <None>        ; --          ; --               ;
; EDA_TEST_BENCH_ENABLE_STATUS         ; TEST_BENCH_MODE                                                                      ; --            ; --          ; eda_simulation   ;
; EDA_TEST_BENCH_FILE                  ; tb_soml_decoder.v                                                                    ; --            ; --          ; tb_soml_decoder  ;
; EDA_TEST_BENCH_MODULE_NAME           ; tb_soml_decoder                                                                      ; --            ; --          ; tb_soml_decoder  ;
; EDA_TEST_BENCH_NAME                  ; tb_soml_decoder                                                                      ; --            ; --          ; eda_simulation   ;
; EDA_TIME_SCALE                       ; 1 ps                                                                                 ; --            ; --          ; eda_simulation   ;
; ENABLE_SIGNALTAP                     ; On                                                                                   ; --            ; --          ; --               ;
; MAX_CORE_JUNCTION_TEMP               ; 85                                                                                   ; --            ; --          ; --               ;
; MIN_CORE_JUNCTION_TEMP               ; 0                                                                                    ; --            ; --          ; --               ;
; MISC_FILE                            ; debug_soml/synthesis/../debug_soml.cmp                                               ; --            ; --          ; --               ;
; MISC_FILE                            ; debug_soml/synthesis/../../debug_soml.qsys                                           ; --            ; --          ; --               ;
; PARTITION_COLOR                      ; -- (Not supported for targeted family)                                               ; --            ; system_top  ; Top              ;
; PARTITION_FITTER_PRESERVATION_LEVEL  ; -- (Not supported for targeted family)                                               ; --            ; system_top  ; Top              ;
; PARTITION_NETLIST_TYPE               ; -- (Not supported for targeted family)                                               ; --            ; system_top  ; Top              ;
; POWER_BOARD_THERMAL_MODEL            ; None (CONSERVATIVE)                                                                  ; --            ; --          ; --               ;
; POWER_PRESET_COOLING_SOLUTION        ; 23 MM HEAT SINK WITH 200 LFPM AIRFLOW                                                ; --            ; --          ; --               ;
; PROJECT_OUTPUT_DIRECTORY             ; output_files                                                                         ; --            ; --          ; --               ;
; SLD_FILE                             ; debug_soml/synthesis/debug_soml.debuginfo                                            ; --            ; --          ; --               ;
; SLD_FILE                             ; db/stp1_auto_stripped.stp                                                            ; --            ; --          ; --               ;
; SLD_INFO                             ; QSYS_NAME debug_soml HAS_SOPCINFO 1 GENERATION_ID 1764949488                         ; --            ; debug_soml  ; --               ;
; SLD_NODE_CREATOR_ID                  ; 110                                                                                  ; --            ; --          ; auto_signaltap_0 ;
; SLD_NODE_ENTITY_NAME                 ; sld_signaltap                                                                        ; --            ; --          ; auto_signaltap_0 ;
; SLD_NODE_PARAMETER_ASSIGNMENT        ; SLD_RAM_BLOCK_TYPE=AUTO                                                              ; --            ; --          ; auto_signaltap_0 ;
; SLD_NODE_PARAMETER_ASSIGNMENT        ; SLD_NODE_INFO=805334528                                                              ; --            ; --          ; auto_signaltap_0 ;
; SLD_NODE_PARAMETER_ASSIGNMENT        ; SLD_POWER_UP_TRIGGER=0                                                               ; --            ; --          ; auto_signaltap_0 ;
; SLD_NODE_PARAMETER_ASSIGNMENT        ; SLD_STORAGE_QUALIFIER_INVERSION_MASK_LENGTH=0                                        ; --            ; --          ; auto_signaltap_0 ;
; SLD_NODE_PARAMETER_ASSIGNMENT        ; SLD_ATTRIBUTE_MEM_MODE=OFF                                                           ; --            ; --          ; auto_signaltap_0 ;
; SLD_NODE_PARAMETER_ASSIGNMENT        ; SLD_STATE_FLOW_USE_GENERATED=0                                                       ; --            ; --          ; auto_signaltap_0 ;
; SLD_NODE_PARAMETER_ASSIGNMENT        ; SLD_STATE_BITS=11                                                                    ; --            ; --          ; auto_signaltap_0 ;
; SLD_NODE_PARAMETER_ASSIGNMENT        ; SLD_BUFFER_FULL_STOP=1                                                               ; --            ; --          ; auto_signaltap_0 ;
; SLD_NODE_PARAMETER_ASSIGNMENT        ; SLD_CURRENT_RESOURCE_WIDTH=1                                                         ; --            ; --          ; auto_signaltap_0 ;
; SLD_NODE_PARAMETER_ASSIGNMENT        ; SLD_INCREMENTAL_ROUTING=1                                                            ; --            ; --          ; auto_signaltap_0 ;
; SLD_NODE_PARAMETER_ASSIGNMENT        ; SLD_TRIGGER_LEVEL=1                                                                  ; --            ; --          ; auto_signaltap_0 ;
; SLD_NODE_PARAMETER_ASSIGNMENT        ; SLD_TRIGGER_IN_ENABLED=0                                                             ; --            ; --          ; auto_signaltap_0 ;
; SLD_NODE_PARAMETER_ASSIGNMENT        ; SLD_TRIGGER_PIPELINE=0                                                               ; --            ; --          ; auto_signaltap_0 ;
; SLD_NODE_PARAMETER_ASSIGNMENT        ; SLD_RAM_PIPELINE=0                                                                   ; --            ; --          ; auto_signaltap_0 ;
; SLD_NODE_PARAMETER_ASSIGNMENT        ; SLD_COUNTER_PIPELINE=0                                                               ; --            ; --          ; auto_signaltap_0 ;
; SLD_NODE_PARAMETER_ASSIGNMENT        ; SLD_ADVANCED_TRIGGER_ENTITY=basic,1,                                                 ; --            ; --          ; auto_signaltap_0 ;
; SLD_NODE_PARAMETER_ASSIGNMENT        ; SLD_TRIGGER_LEVEL_PIPELINE=1                                                         ; --            ; --          ; auto_signaltap_0 ;
; SLD_NODE_PARAMETER_ASSIGNMENT        ; SLD_ENABLE_ADVANCED_TRIGGER=0                                                        ; --            ; --          ; auto_signaltap_0 ;
; SLD_NODE_PARAMETER_ASSIGNMENT        ; SLD_SEGMENT_SIZE=512                                                                 ; --            ; --          ; auto_signaltap_0 ;
; SLD_NODE_PARAMETER_ASSIGNMENT        ; SLD_SAMPLE_DEPTH=512                                                                 ; --            ; --          ; auto_signaltap_0 ;
; SLD_NODE_PARAMETER_ASSIGNMENT        ; SLD_DATA_BITS=14                                                                     ; --            ; --          ; auto_signaltap_0 ;
; SLD_NODE_PARAMETER_ASSIGNMENT        ; SLD_TRIGGER_BITS=14                                                                  ; --            ; --          ; auto_signaltap_0 ;
; SLD_NODE_PARAMETER_ASSIGNMENT        ; SLD_STORAGE_QUALIFIER_BITS=14                                                        ; --            ; --          ; auto_signaltap_0 ;
; SLD_NODE_PARAMETER_ASSIGNMENT        ; SLD_INVERSION_MASK=00000000000000000000000000000000000000000000000000000000000000000 ; --            ; --          ; auto_signaltap_0 ;
; SLD_NODE_PARAMETER_ASSIGNMENT        ; SLD_INVERSION_MASK_LENGTH=65                                                         ; --            ; --          ; auto_signaltap_0 ;
; SOPCINFO_FILE                        ; debug_soml/synthesis/../../debug_soml.sopcinfo                                       ; --            ; --          ; --               ;
; SYNTHESIS_ONLY_QIP                   ; On                                                                                   ; --            ; --          ; --               ;
; TOP_LEVEL_ENTITY                     ; system_top                                                                           ; SOML_project  ; --          ; --               ;
; USE_SIGNALTAP_FILE                   ; output_files/stp1.stp                                                                ; --            ; --          ; --               ;
+--------------------------------------+--------------------------------------------------------------------------------------+---------------+-------------+------------------+


+-------------------------------------------------------------------------------------------------------------------------------+
; Flow Elapsed Time                                                                                                             ;
+---------------------------+--------------+-------------------------+---------------------+------------------------------------+
; Module Name               ; Elapsed Time ; Average Processors Used ; Peak Virtual Memory ; Total CPU Time (on all processors) ;
+---------------------------+--------------+-------------------------+---------------------+------------------------------------+
; Analysis & Synthesis      ; 00:01:11     ; 1.0                     ; 5086 MB             ; 00:01:37                           ;
; Fitter                    ; 00:01:07     ; 1.6                     ; 5983 MB             ; 00:02:28                           ;
; Assembler                 ; 00:00:05     ; 1.0                     ; 4775 MB             ; 00:00:05                           ;
; TimeQuest Timing Analyzer ; 00:00:14     ; 2.7                     ; 5013 MB             ; 00:00:33                           ;
; EDA Netlist Writer        ; 00:00:06     ; 1.0                     ; 4850 MB             ; 00:00:07                           ;
; Total                     ; 00:02:43     ; --                      ; --                  ; 00:04:50                           ;
+---------------------------+--------------+-------------------------+---------------------+------------------------------------+


+-----------------------------------------------------------------------------------------+
; Flow OS Summary                                                                         ;
+---------------------------+------------------+------------+------------+----------------+
; Module Name               ; Machine Hostname ; OS Name    ; OS Version ; Processor type ;
+---------------------------+------------------+------------+------------+----------------+
; Analysis & Synthesis      ; DESKTOP-HQQ19GE  ; Windows 10 ; 10.0       ; x86_64         ;
; Fitter                    ; DESKTOP-HQQ19GE  ; Windows 10 ; 10.0       ; x86_64         ;
; Assembler                 ; DESKTOP-HQQ19GE  ; Windows 10 ; 10.0       ; x86_64         ;
; TimeQuest Timing Analyzer ; DESKTOP-HQQ19GE  ; Windows 10 ; 10.0       ; x86_64         ;
; EDA Netlist Writer        ; DESKTOP-HQQ19GE  ; Windows 10 ; 10.0       ; x86_64         ;
+---------------------------+------------------+------------+------------+----------------+


------------
; Flow Log ;
------------
quartus_map --read_settings_files=on --write_settings_files=off SOML_project -c SOML_project
quartus_fit --read_settings_files=off --write_settings_files=off SOML_project -c SOML_project
quartus_asm --read_settings_files=off --write_settings_files=off SOML_project -c SOML_project
quartus_sta SOML_project -c SOML_project
quartus_eda --read_settings_files=off --write_settings_files=off SOML_project -c SOML_project



