#! /usr/bin/vvp
:ivl_version "11.0 (stable)";
:ivl_delay_selection "TYPICAL";
:vpi_time_precision - 12;
:vpi_module "/usr/lib/x86_64-linux-gnu/ivl/system.vpi";
:vpi_module "/usr/lib/x86_64-linux-gnu/ivl/vhdl_sys.vpi";
:vpi_module "/usr/lib/x86_64-linux-gnu/ivl/vhdl_textio.vpi";
:vpi_module "/usr/lib/x86_64-linux-gnu/ivl/v2005_math.vpi";
:vpi_module "/usr/lib/x86_64-linux-gnu/ivl/va_math.vpi";
S_0x56a6e75be380 .scope module, "tb_matrix_multiplier" "tb_matrix_multiplier" 2 4;
 .timescale -9 -12;
P_0x56a6e75c7280 .param/l "ACC_WIDTH" 0 2 8, +C4<00000000000000000000000000100000>;
P_0x56a6e75c72c0 .param/l "CLK_PERIOD" 0 2 11, +C4<00000000000000000000000000001010>;
P_0x56a6e75c7300 .param/l "COLS" 0 2 10, +C4<00000000000000000000000000000100>;
P_0x56a6e75c7340 .param/str "H_IMAG_FILE" 0 2 14, "H_imag_gold_Q8_8.hex";
P_0x56a6e75c7380 .param/str "H_REAL_FILE" 0 2 13, "H_real_gold_Q8_8.hex";
P_0x56a6e75c73c0 .param/l "N" 0 2 7, +C4<00000000000000000000000000010000>;
P_0x56a6e75c7400 .param/l "Q" 0 2 6, +C4<00000000000000000000000000001000>;
P_0x56a6e75c7440 .param/l "ROWS" 0 2 9, +C4<00000000000000000000000000000100>;
v0x56a6e7694350_0 .var/s "H_in_i", 15 0;
v0x56a6e7694430_0 .var/s "H_in_r", 15 0;
v0x56a6e76944f0_0 .var "H_in_valid", 0 0;
v0x56a6e76945c0_0 .net/s "Hq_out_i", 15 0, v0x56a6e7691420_0;  1 drivers
v0x56a6e7694690_0 .net/s "Hq_out_r", 15 0, v0x56a6e7691500_0;  1 drivers
v0x56a6e7694780_0 .net "Hq_out_valid", 0 0, v0x56a6e7691630_0;  1 drivers
v0x56a6e7694850_0 .var "clk", 0 0;
v0x56a6e76948f0_0 .net "done", 0 0, v0x56a6e76916f0_0;  1 drivers
v0x56a6e76949c0 .array/s "h_stim_i", 15 0, 15 0;
v0x56a6e7694a60 .array/s "h_stim_r", 15 0, 15 0;
v0x56a6e7694b00 .array/s "hq_result_i", 7 0, 15 0;
v0x56a6e7694ba0 .array/s "hq_result_r", 7 0, 15 0;
v0x56a6e7694c40_0 .var "q_index", 3 0;
v0x56a6e7694d30_0 .var "rst", 0 0;
v0x56a6e7694dd0 .array/s "s_matrix_i", 7 0, 15 0;
v0x56a6e7694e70 .array/s "s_matrix_r", 7 0, 15 0;
v0x56a6e7694f30_0 .var "start", 0 0;
S_0x56a6e7653b20 .scope task, "drive_h_matrix" "drive_h_matrix" 2 121, 2 121 0, S_0x56a6e75be380;
 .timescale -9 -12;
v0x56a6e76567f0_0 .var/i "i", 31 0;
v0x56a6e7656890_0 .var/i "j", 31 0;
E_0x56a6e75fe850 .event posedge, v0x56a6e768e440_0;
TD_tb_matrix_multiplier.drive_h_matrix ;
    %wait E_0x56a6e75fe850;
    %pushi/vec4 0, 0, 32;
    %store/vec4 v0x56a6e76567f0_0, 0, 32;
T_0.0 ;
    %load/vec4 v0x56a6e76567f0_0;
    %cmpi/s 4, 0, 32;
    %jmp/0xz T_0.1, 5;
    %pushi/vec4 0, 0, 32;
    %store/vec4 v0x56a6e7656890_0, 0, 32;
T_0.2 ;
    %load/vec4 v0x56a6e7656890_0;
    %cmpi/s 4, 0, 32;
    %jmp/0xz T_0.3, 5;
    %pushi/vec4 1, 0, 1;
    %store/vec4 v0x56a6e76944f0_0, 0, 1;
    %load/vec4 v0x56a6e76567f0_0;
    %pad/s 35;
    %pad/s 37;
    %muli 4, 0, 37;
    %pad/s 38;
    %load/vec4 v0x56a6e7656890_0;
    %pad/s 38;
    %add;
    %ix/vec4/s 4;
    %load/vec4a v0x56a6e7694a60, 4;
    %store/vec4 v0x56a6e7694430_0, 0, 16;
    %load/vec4 v0x56a6e76567f0_0;
    %pad/s 35;
    %pad/s 37;
    %muli 4, 0, 37;
    %pad/s 38;
    %load/vec4 v0x56a6e7656890_0;
    %pad/s 38;
    %add;
    %ix/vec4/s 4;
    %load/vec4a v0x56a6e76949c0, 4;
    %store/vec4 v0x56a6e7694350_0, 0, 16;
    %wait E_0x56a6e75fe850;
    %load/vec4 v0x56a6e7656890_0;
    %addi 1, 0, 32;
    %store/vec4 v0x56a6e7656890_0, 0, 32;
    %jmp T_0.2;
T_0.3 ;
    %load/vec4 v0x56a6e76567f0_0;
    %addi 1, 0, 32;
    %store/vec4 v0x56a6e76567f0_0, 0, 32;
    %jmp T_0.0;
T_0.1 ;
    %pushi/vec4 0, 0, 1;
    %store/vec4 v0x56a6e76944f0_0, 0, 1;
    %end;
S_0x56a6e7689d00 .scope module, "dut" "matrix_multiplier" 2 36, 3 2 0, S_0x56a6e75be380;
 .timescale 0 0;
    .port_info 0 /INPUT 1 "clk";
    .port_info 1 /INPUT 1 "rst";
    .port_info 2 /INPUT 1 "start";
    .port_info 3 /INPUT 1 "H_in_valid";
    .port_info 4 /INPUT 16 "H_in_r";
    .port_info 5 /INPUT 16 "H_in_i";
    .port_info 6 /OUTPUT 2 "i_counter";
    .port_info 7 /OUTPUT 2 "k_counter";
    .port_info 8 /INPUT 4 "q_index";
    .port_info 9 /OUTPUT 1 "Hq_out_valid";
    .port_info 10 /OUTPUT 1 "hq_one_matrix_done";
    .port_info 11 /OUTPUT 1 "all_16_hq_done";
    .port_info 12 /OUTPUT 16 "Hq_out_r";
    .port_info 13 /OUTPUT 16 "Hq_out_i";
P_0x56a6e75d0680 .param/l "ACC_WIDTH" 0 3 5, +C4<00000000000000000000000000100000>;
P_0x56a6e75d06c0 .param/l "N" 0 3 4, +C4<00000000000000000000000000010000>;
P_0x56a6e75d0700 .param/l "Q" 0 3 3, +C4<00000000000000000000000000001000>;
P_0x56a6e75d0740 .param/l "S_CALC_ELEMENT" 1 3 26, C4<0011>;
P_0x56a6e75d0780 .param/l "S_CLEAR_MAC" 1 3 25, C4<0010>;
P_0x56a6e75d07c0 .param/l "S_DONE" 1 3 29, C4<0110>;
P_0x56a6e75d0800 .param/l "S_IDLE" 1 3 23, C4<0000>;
P_0x56a6e75d0840 .param/l "S_LOAD_H" 1 3 24, C4<0001>;
P_0x56a6e75d0880 .param/l "S_OUTPUT_DATA" 1 3 28, C4<0101>;
P_0x56a6e75d08c0 .param/l "S_WAIT_RESULT" 1 3 27, C4<0100>;
v0x56a6e7691160_0 .net/s "H_in_i", 15 0, v0x56a6e7694350_0;  1 drivers
v0x56a6e7691270_0 .net/s "H_in_r", 15 0, v0x56a6e7694430_0;  1 drivers
v0x56a6e7691380_0 .net "H_in_valid", 0 0, v0x56a6e76944f0_0;  1 drivers
v0x56a6e7691420_0 .var/s "Hq_out_i", 15 0;
v0x56a6e7691500_0 .var/s "Hq_out_r", 15 0;
v0x56a6e7691630_0 .var "Hq_out_valid", 0 0;
v0x56a6e76916f0_0 .var "all_16_hq_done", 0 0;
v0x56a6e76917b0_0 .net "clk", 0 0, v0x56a6e7694850_0;  1 drivers
v0x56a6e76918a0_0 .var "hq_one_matrix_done", 0 0;
v0x56a6e7691960_0 .var "i_counter", 1 0;
v0x56a6e7691a40_0 .var "j_counter", 0 0;
v0x56a6e7691b00_0 .var "k_counter", 1 0;
v0x56a6e7691be0_0 .var "load_col_cnt", 1 0;
v0x56a6e7691cc0_0 .var "load_row_cnt", 1 0;
v0x56a6e7691da0_0 .var "mac_en", 0 0;
v0x56a6e7691e40_0 .net/s "mac_result_i", 15 0, v0x56a6e76901f0_0;  1 drivers
v0x56a6e7691ee0_0 .net/s "mac_result_r", 15 0, v0x56a6e7690490_0;  1 drivers
v0x56a6e7691f80_0 .net "mac_result_valid", 0 0, v0x56a6e7690730_0;  1 drivers
v0x56a6e7692050_0 .var "next_state", 3 0;
v0x56a6e76920f0_0 .var "q_counter_reg", 3 0;
v0x56a6e76921d0_0 .net "q_index", 3 0, v0x56a6e7694c40_0;  1 drivers
v0x56a6e76922b0_0 .net "rst", 0 0, v0x56a6e7694d30_0;  1 drivers
v0x56a6e7692350_0 .var/s "s_data_i", 15 0;
v0x56a6e7692460_0 .var/s "s_data_r", 15 0;
v0x56a6e7692570_0 .net "start", 0 0, v0x56a6e7694f30_0;  1 drivers
v0x56a6e7692630_0 .var "state", 3 0;
E_0x56a6e75fef80/0 .event edge, v0x56a6e7692630_0, v0x56a6e7692570_0, v0x56a6e7691380_0, v0x56a6e7691cc0_0;
E_0x56a6e75fef80/1 .event edge, v0x56a6e7691be0_0, v0x56a6e7691b00_0, v0x56a6e7690730_0, v0x56a6e7690490_0;
E_0x56a6e75fef80/2 .event edge, v0x56a6e76901f0_0, v0x56a6e7691960_0, v0x56a6e7691a40_0, v0x56a6e76920f0_0;
E_0x56a6e75fef80 .event/or E_0x56a6e75fef80/0, E_0x56a6e75fef80/1, E_0x56a6e75fef80/2;
E_0x56a6e75fede0 .event edge, v0x56a6e76920f0_0, v0x56a6e7691b00_0, v0x56a6e7691a40_0;
S_0x56a6e768a390 .scope module, "c_mac_inst" "c_mac" 3 308, 4 9 0, S_0x56a6e7689d00;
 .timescale 0 0;
    .port_info 0 /INPUT 1 "clk";
    .port_info 1 /INPUT 1 "rst";
    .port_info 2 /INPUT 1 "mac_en";
    .port_info 3 /INPUT 16 "in_ar";
    .port_info 4 /INPUT 16 "in_ai";
    .port_info 5 /INPUT 16 "in_br";
    .port_info 6 /INPUT 16 "in_bi";
    .port_info 7 /OUTPUT 16 "mac_r_out";
    .port_info 8 /OUTPUT 16 "mac_i_out";
    .port_info 9 /OUTPUT 1 "mac_result_valid";
P_0x56a6e7588e90 .param/l "ACC_WIDTH" 1 4 37, +C4<0000000000000000000000000000000000000000000000000000000000100000>;
P_0x56a6e7588ed0 .param/l "LATENCY" 1 4 26, +C4<00000000000000000000000000000110>;
P_0x56a6e7588f10 .param/l "N" 0 4 11, +C4<00000000000000000000000000010000>;
P_0x56a6e7588f50 .param/l "Q" 0 4 10, +C4<00000000000000000000000000001000>;
L_0x56a6e764fcb0 .functor BUFZ 1, v0x56a6e7690730_0, C4<0>, C4<0>, C4<0>;
L_0x56a6e76a71c0 .functor AND 1, L_0x56a6e7695030, L_0x56a6e76a7080, C4<1>, C4<1>;
v0x56a6e768f400_0 .net *"_ivl_10", 0 0, L_0x56a6e76a7080;  1 drivers
v0x56a6e768f4e0_0 .net *"_ivl_13", 0 0, L_0x56a6e76a71c0;  1 drivers
L_0x73e8eea50180 .functor BUFT 1, C4<01>, C4<0>, C4<0>, C4<0>;
v0x56a6e768f5a0_0 .net/2s *"_ivl_14", 1 0, L_0x73e8eea50180;  1 drivers
L_0x73e8eea501c8 .functor BUFT 1, C4<00>, C4<0>, C4<0>, C4<0>;
v0x56a6e768f690_0 .net/2s *"_ivl_16", 1 0, L_0x73e8eea501c8;  1 drivers
v0x56a6e768f770_0 .net *"_ivl_18", 1 0, L_0x56a6e76a72d0;  1 drivers
v0x56a6e768f850_0 .net *"_ivl_4", 31 0, L_0x56a6e76a6f40;  1 drivers
L_0x73e8eea500f0 .functor BUFT 1, C4<000000000000000000000000000000>, C4<0>, C4<0>, C4<0>;
v0x56a6e768f930_0 .net *"_ivl_7", 29 0, L_0x73e8eea500f0;  1 drivers
L_0x73e8eea50138 .functor BUFT 1, C4<00000000000000000000000000000011>, C4<0>, C4<0>, C4<0>;
v0x56a6e768fa10_0 .net/2u *"_ivl_8", 31 0, L_0x73e8eea50138;  1 drivers
v0x56a6e768faf0_0 .net "clk", 0 0, v0x56a6e7694850_0;  alias, 1 drivers
v0x56a6e768fb90_0 .var "data_valid_pipe", 5 0;
v0x56a6e768fc50_0 .net/s "in_ai", 15 0, v0x56a6e7694350_0;  alias, 1 drivers
v0x56a6e768fd40_0 .net/s "in_ar", 15 0, v0x56a6e7694430_0;  alias, 1 drivers
v0x56a6e768fe10_0 .net/s "in_bi", 15 0, v0x56a6e7692350_0;  1 drivers
v0x56a6e768fee0_0 .net/s "in_br", 15 0, v0x56a6e7692460_0;  1 drivers
v0x56a6e768ffb0_0 .net "mac_clear", 0 0, L_0x56a6e764fcb0;  1 drivers
v0x56a6e7690050_0 .var "mac_counter", 1 0;
v0x56a6e7690130_0 .net "mac_en", 0 0, v0x56a6e7691da0_0;  1 drivers
v0x56a6e76901f0_0 .var/s "mac_i_out", 15 0;
v0x56a6e76902d0_0 .var/s "mac_i_reg", 31 0;
v0x56a6e76903b0_0 .var/s "mac_i_tmp", 31 0;
v0x56a6e7690490_0 .var/s "mac_r_out", 15 0;
v0x56a6e7690570_0 .var/s "mac_r_reg", 31 0;
v0x56a6e7690650_0 .var/s "mac_r_tmp", 31 0;
v0x56a6e7690730_0 .var "mac_result_valid", 0 0;
v0x56a6e76907f0_0 .net "mac_rs_valid", 0 0, L_0x56a6e76a7460;  1 drivers
v0x56a6e76908b0_0 .net/s "product_i", 15 0, L_0x56a6e76a6e80;  1 drivers
v0x56a6e76909a0_0 .net/s "product_r", 15 0, L_0x56a6e76a6dc0;  1 drivers
v0x56a6e7690a70_0 .net "product_valid", 0 0, L_0x56a6e7695030;  1 drivers
v0x56a6e7690b10_0 .net "rst", 0 0, v0x56a6e7694d30_0;  alias, 1 drivers
E_0x56a6e76006b0 .event posedge, v0x56a6e768efd0_0, v0x56a6e768e440_0;
L_0x56a6e7695030 .part v0x56a6e768fb90_0, 5, 1;
L_0x56a6e76a6f40 .concat [ 2 30 0 0], v0x56a6e7690050_0, L_0x73e8eea500f0;
L_0x56a6e76a7080 .cmp/eq 32, L_0x56a6e76a6f40, L_0x73e8eea50138;
L_0x56a6e76a72d0 .functor MUXZ 2, L_0x73e8eea501c8, L_0x73e8eea50180, L_0x56a6e76a71c0, C4<>;
L_0x56a6e76a7460 .part L_0x56a6e76a72d0, 0, 1;
S_0x56a6e768a760 .scope module, "cmult_inst" "cmult" 4 65, 5 5 0, S_0x56a6e768a390;
 .timescale 0 0;
    .port_info 0 /INPUT 1 "clk";
    .port_info 1 /INPUT 1 "rst";
    .port_info 2 /INPUT 16 "ar";
    .port_info 3 /INPUT 16 "ai";
    .port_info 4 /INPUT 16 "br";
    .port_info 5 /INPUT 16 "bi";
    .port_info 6 /OUTPUT 16 "pr";
    .port_info 7 /OUTPUT 16 "pi";
P_0x56a6e766fe30 .param/l "N" 0 5 7, +C4<00000000000000000000000000010000>;
P_0x56a6e766fe70 .param/l "Q" 0 5 6, +C4<00000000000000000000000000001000>;
L_0x56a6e76a6dc0 .functor BUFZ 16, v0x56a6e768eef0_0, C4<0000000000000000>, C4<0000000000000000>, C4<0000000000000000>;
L_0x56a6e76a6e80 .functor BUFZ 16, v0x56a6e768ed50_0, C4<0000000000000000>, C4<0000000000000000>, C4<0000000000000000>;
v0x56a6e768d1e0_0 .var/s "addcommon", 15 0;
v0x56a6e768d2c0_0 .var/s "addi", 15 0;
v0x56a6e768d390_0 .var/s "addr", 15 0;
v0x56a6e768d490_0 .net/s "ai", 15 0, v0x56a6e7694350_0;  alias, 1 drivers
v0x56a6e768d530_0 .var/s "ai_d", 15 0;
v0x56a6e768d610_0 .var/s "ai_dd", 15 0;
v0x56a6e768d6f0_0 .var/s "ai_ddd", 15 0;
v0x56a6e768d7d0_0 .var/s "ai_dddd", 15 0;
v0x56a6e768d890_0 .net/s "ar", 15 0, v0x56a6e7694430_0;  alias, 1 drivers
v0x56a6e768d9e0_0 .var/s "ar_d", 15 0;
v0x56a6e768dac0_0 .var/s "ar_dd", 15 0;
v0x56a6e768dba0_0 .var/s "ar_ddd", 15 0;
v0x56a6e768dc80_0 .var/s "ar_dddd", 15 0;
v0x56a6e768dd70_0 .net/s "bi", 15 0, v0x56a6e7692350_0;  alias, 1 drivers
v0x56a6e768de30_0 .var/s "bi_d", 15 0;
v0x56a6e768df10_0 .var/s "bi_dd", 15 0;
v0x56a6e768e000_0 .var/s "bi_ddd", 15 0;
v0x56a6e768e0c0_0 .net/s "br", 15 0, v0x56a6e7692460_0;  alias, 1 drivers
v0x56a6e768e1a0_0 .var/s "br_d", 15 0;
v0x56a6e768e280_0 .var/s "br_dd", 15 0;
v0x56a6e768e360_0 .var/s "br_ddd", 15 0;
v0x56a6e768e440_0 .net "clk", 0 0, v0x56a6e7694850_0;  alias, 1 drivers
v0x56a6e768e500_0 .var/s "common", 15 0;
v0x56a6e768e5e0_0 .var/s "commonr1", 15 0;
v0x56a6e768e6c0_0 .var/s "commonr2", 15 0;
v0x56a6e768e7a0_0 .var/s "mult0", 15 0;
v0x56a6e768e880_0 .var/s "multi", 15 0;
v0x56a6e768e960_0 .var/s "multr", 15 0;
v0x56a6e768ea40_0 .net "ovr_mult0", 0 0, L_0x56a6e7650620;  1 drivers
v0x56a6e768eb10_0 .net "ovr_multi", 0 0, L_0x56a6e76307f0;  1 drivers
v0x56a6e768ebe0_0 .net "ovr_multr", 0 0, L_0x56a6e7650fd0;  1 drivers
v0x56a6e768ecb0_0 .net/s "pi", 15 0, L_0x56a6e76a6e80;  alias, 1 drivers
v0x56a6e768ed50_0 .var/s "pi_int", 15 0;
v0x56a6e768ee10_0 .net/s "pr", 15 0, L_0x56a6e76a6dc0;  alias, 1 drivers
v0x56a6e768eef0_0 .var/s "pr_int", 15 0;
v0x56a6e768efd0_0 .net "rst", 0 0, v0x56a6e7694d30_0;  alias, 1 drivers
v0x56a6e768f090_0 .net/s "tmp_mult0", 15 0, L_0x56a6e76a56c0;  1 drivers
v0x56a6e768f180_0 .net/s "tmp_multi", 15 0, L_0x56a6e76a6980;  1 drivers
v0x56a6e768f250_0 .net/s "tmp_multr", 15 0, L_0x56a6e76a5ff0;  1 drivers
S_0x56a6e768aa80 .scope module, "qmult_common" "qmult" 5 75, 6 44 0, S_0x56a6e768a760;
 .timescale 0 0;
    .port_info 0 /INPUT 16 "i_multiplicand";
    .port_info 1 /INPUT 16 "i_multiplier";
    .port_info 2 /OUTPUT 16 "o_result";
    .port_info 3 /OUTPUT 1 "ovr";
P_0x56a6e766ffe0 .param/l "N" 0 6 47, +C4<00000000000000000000000000010000>;
P_0x56a6e7670020 .param/l "Q" 0 6 46, +C4<00000000000000000000000000001000>;
L_0x56a6e7650620 .functor XOR 1, L_0x56a6e76a5840, L_0x56a6e76a58e0, C4<0>, C4<0>;
v0x56a6e764f7a0_0 .net/s *"_ivl_0", 31 0, L_0x56a6e7695100;  1 drivers
v0x56a6e764fdd0_0 .net *"_ivl_11", 31 0, L_0x56a6e76a5580;  1 drivers
v0x56a6e7650780_0 .net *"_ivl_15", 0 0, L_0x56a6e76a5840;  1 drivers
v0x56a6e7651130_0 .net *"_ivl_17", 0 0, L_0x56a6e76a58e0;  1 drivers
v0x56a6e76309d0_0 .net/s *"_ivl_2", 31 0, L_0x56a6e7695220;  1 drivers
L_0x73e8eea50018 .functor BUFT 1, C4<xxxxxxxxxxxxxxxxxxxxxx>, C4<0>, C4<0>, C4<0>;
v0x56a6e768af70_0 .net *"_ivl_7", 21 0, L_0x73e8eea50018;  1 drivers
v0x56a6e768b050_0 .net *"_ivl_9", 9 0, L_0x56a6e76a5460;  1 drivers
v0x56a6e768b130_0 .net/s "i_multiplicand", 15 0, v0x56a6e768d1e0_0;  1 drivers
v0x56a6e768b210_0 .net/s "i_multiplier", 15 0, v0x56a6e768df10_0;  1 drivers
v0x56a6e768b2f0_0 .net/s "o_result", 15 0, L_0x56a6e76a56c0;  alias, 1 drivers
v0x56a6e768b3d0_0 .net "ovr", 0 0, L_0x56a6e7650620;  alias, 1 drivers
v0x56a6e768b490_0 .net/s "product_64bit", 31 0, L_0x56a6e7695310;  1 drivers
L_0x56a6e7695100 .extend/s 32, v0x56a6e768d1e0_0;
L_0x56a6e7695220 .extend/s 32, v0x56a6e768df10_0;
L_0x56a6e7695310 .arith/mult 32, L_0x56a6e7695100, L_0x56a6e7695220;
L_0x56a6e76a5460 .part L_0x56a6e7695310, 22, 10;
L_0x56a6e76a5580 .concat [ 10 22 0 0], L_0x56a6e76a5460, L_0x73e8eea50018;
L_0x56a6e76a56c0 .part L_0x56a6e76a5580, 0, 16;
L_0x56a6e76a5840 .part L_0x56a6e7695310, 31, 1;
L_0x56a6e76a58e0 .part L_0x56a6e7695310, 23, 1;
S_0x56a6e768b5f0 .scope module, "qmult_imag" "qmult" 5 130, 6 44 0, S_0x56a6e768a760;
 .timescale 0 0;
    .port_info 0 /INPUT 16 "i_multiplicand";
    .port_info 1 /INPUT 16 "i_multiplier";
    .port_info 2 /OUTPUT 16 "o_result";
    .port_info 3 /OUTPUT 1 "ovr";
P_0x56a6e7669d40 .param/l "N" 0 6 47, +C4<00000000000000000000000000010000>;
P_0x56a6e7669d80 .param/l "Q" 0 6 46, +C4<00000000000000000000000000001000>;
L_0x56a6e76307f0 .functor XOR 1, L_0x56a6e76a6b00, L_0x56a6e76a6ba0, C4<0>, C4<0>;
v0x56a6e768b8a0_0 .net/s *"_ivl_0", 31 0, L_0x56a6e76a6430;  1 drivers
v0x56a6e768b980_0 .net *"_ivl_11", 31 0, L_0x56a6e76a6840;  1 drivers
v0x56a6e768ba60_0 .net *"_ivl_15", 0 0, L_0x56a6e76a6b00;  1 drivers
v0x56a6e768bb50_0 .net *"_ivl_17", 0 0, L_0x56a6e76a6ba0;  1 drivers
v0x56a6e768bc30_0 .net/s *"_ivl_2", 31 0, L_0x56a6e76a6520;  1 drivers
L_0x73e8eea500a8 .functor BUFT 1, C4<xxxxxxxxxxxxxxxxxxxxxx>, C4<0>, C4<0>, C4<0>;
v0x56a6e768bd60_0 .net *"_ivl_7", 21 0, L_0x73e8eea500a8;  1 drivers
v0x56a6e768be40_0 .net *"_ivl_9", 9 0, L_0x56a6e76a6750;  1 drivers
v0x56a6e768bf20_0 .net/s "i_multiplicand", 15 0, v0x56a6e768d2c0_0;  1 drivers
v0x56a6e768c000_0 .net/s "i_multiplier", 15 0, v0x56a6e768d7d0_0;  1 drivers
v0x56a6e768c0e0_0 .net/s "o_result", 15 0, L_0x56a6e76a6980;  alias, 1 drivers
v0x56a6e768c1c0_0 .net "ovr", 0 0, L_0x56a6e76307f0;  alias, 1 drivers
v0x56a6e768c280_0 .net/s "product_64bit", 31 0, L_0x56a6e76a6610;  1 drivers
L_0x56a6e76a6430 .extend/s 32, v0x56a6e768d2c0_0;
L_0x56a6e76a6520 .extend/s 32, v0x56a6e768d7d0_0;
L_0x56a6e76a6610 .arith/mult 32, L_0x56a6e76a6430, L_0x56a6e76a6520;
L_0x56a6e76a6750 .part L_0x56a6e76a6610, 22, 10;
L_0x56a6e76a6840 .concat [ 10 22 0 0], L_0x56a6e76a6750, L_0x73e8eea500a8;
L_0x56a6e76a6980 .part L_0x56a6e76a6840, 0, 16;
L_0x56a6e76a6b00 .part L_0x56a6e76a6610, 31, 1;
L_0x56a6e76a6ba0 .part L_0x56a6e76a6610, 23, 1;
S_0x56a6e768c3e0 .scope module, "qmult_real" "qmult" 5 102, 6 44 0, S_0x56a6e768a760;
 .timescale 0 0;
    .port_info 0 /INPUT 16 "i_multiplicand";
    .port_info 1 /INPUT 16 "i_multiplier";
    .port_info 2 /OUTPUT 16 "o_result";
    .port_info 3 /OUTPUT 1 "ovr";
P_0x56a6e7670070 .param/l "N" 0 6 47, +C4<00000000000000000000000000010000>;
P_0x56a6e76700b0 .param/l "Q" 0 6 46, +C4<00000000000000000000000000001000>;
L_0x56a6e7650fd0 .functor XOR 1, L_0x56a6e76a6170, L_0x56a6e76a6210, C4<0>, C4<0>;
v0x56a6e768c6a0_0 .net/s *"_ivl_0", 31 0, L_0x56a6e76a5a70;  1 drivers
v0x56a6e768c780_0 .net *"_ivl_11", 31 0, L_0x56a6e76a5eb0;  1 drivers
v0x56a6e768c860_0 .net *"_ivl_15", 0 0, L_0x56a6e76a6170;  1 drivers
v0x56a6e768c950_0 .net *"_ivl_17", 0 0, L_0x56a6e76a6210;  1 drivers
v0x56a6e768ca30_0 .net/s *"_ivl_2", 31 0, L_0x56a6e76a5b60;  1 drivers
L_0x73e8eea50060 .functor BUFT 1, C4<xxxxxxxxxxxxxxxxxxxxxx>, C4<0>, C4<0>, C4<0>;
v0x56a6e768cb60_0 .net *"_ivl_7", 21 0, L_0x73e8eea50060;  1 drivers
v0x56a6e768cc40_0 .net *"_ivl_9", 9 0, L_0x56a6e76a5d90;  1 drivers
v0x56a6e768cd20_0 .net/s "i_multiplicand", 15 0, v0x56a6e768d390_0;  1 drivers
v0x56a6e768ce00_0 .net/s "i_multiplier", 15 0, v0x56a6e768dc80_0;  1 drivers
v0x56a6e768cee0_0 .net/s "o_result", 15 0, L_0x56a6e76a5ff0;  alias, 1 drivers
v0x56a6e768cfc0_0 .net "ovr", 0 0, L_0x56a6e7650fd0;  alias, 1 drivers
v0x56a6e768d080_0 .net/s "product_64bit", 31 0, L_0x56a6e76a5c50;  1 drivers
L_0x56a6e76a5a70 .extend/s 32, v0x56a6e768d390_0;
L_0x56a6e76a5b60 .extend/s 32, v0x56a6e768dc80_0;
L_0x56a6e76a5c50 .arith/mult 32, L_0x56a6e76a5a70, L_0x56a6e76a5b60;
L_0x56a6e76a5d90 .part L_0x56a6e76a5c50, 22, 10;
L_0x56a6e76a5eb0 .concat [ 10 22 0 0], L_0x56a6e76a5d90, L_0x73e8eea50060;
L_0x56a6e76a5ff0 .part L_0x56a6e76a5eb0, 0, 16;
L_0x56a6e76a6170 .part L_0x56a6e76a5c50, 31, 1;
L_0x56a6e76a6210 .part L_0x56a6e76a5c50, 23, 1;
S_0x56a6e7690d60 .scope begin, "sq_block" "sq_block" 3 55, 3 55 0, S_0x56a6e7689d00;
 .timescale 0 0;
P_0x56a6e7690f10 .param/l "N_HALF" 1 3 57, C4<11111111111000000000000000000000>;
P_0x56a6e7690f50 .param/l "P_HALF" 1 3 56, C4<00000000001000000000000000000000>;
P_0x56a6e7690f90 .param/l "ZERO" 1 3 58, C4<00000000000000000000000000000000>;
S_0x56a6e76928d0 .scope task, "get_s_matrix" "get_s_matrix" 2 163, 2 163 0, S_0x56a6e75be380;
 .timescale -9 -12;
P_0x56a6e7692ab0 .param/l "N_HALF" 1 2 166, +C4<1111111110000000>;
P_0x56a6e7692af0 .param/l "P_HALF" 1 2 165, +C4<0000000010000000>;
P_0x56a6e7692b30 .param/l "ZERO" 1 2 167, +C4<0000000000000000>;
v0x56a6e7692d00_0 .var/i "i", 31 0;
v0x56a6e7692e00_0 .var/i "j", 31 0;
v0x56a6e7692ee0_0 .var "q_idx", 3 0;
TD_tb_matrix_multiplier.get_s_matrix ;
    %load/vec4 v0x56a6e7692ee0_0;
    %dup/vec4;
    %pushi/vec4 0, 0, 4;
    %cmp/u;
    %jmp/1 T_1.4, 6;
    %pushi/vec4 0, 0, 32;
    %store/vec4 v0x56a6e7692d00_0, 0, 32;
T_1.7 ;
    %load/vec4 v0x56a6e7692d00_0;
    %cmpi/s 4, 0, 32;
    %jmp/0xz T_1.8, 5;
    %pushi/vec4 0, 0, 32;
    %store/vec4 v0x56a6e7692e00_0, 0, 32;
T_1.9 ;
    %load/vec4 v0x56a6e7692e00_0;
    %cmpi/s 2, 0, 32;
    %jmp/0xz T_1.10, 5;
    %pushi/vec4 0, 0, 32;
    %split/vec4 16;
    %load/vec4 v0x56a6e7692d00_0;
    %pad/s 34;
    %pad/s 35;
    %muli 2, 0, 35;
    %pad/s 36;
    %load/vec4 v0x56a6e7692e00_0;
    %pad/s 36;
    %add;
    %ix/vec4/s 4;
    %store/vec4a v0x56a6e7694dd0, 4, 0;
    %load/vec4 v0x56a6e7692d00_0;
    %pad/s 34;
    %pad/s 35;
    %muli 2, 0, 35;
    %pad/s 36;
    %load/vec4 v0x56a6e7692e00_0;
    %pad/s 36;
    %add;
    %ix/vec4/s 4;
    %store/vec4a v0x56a6e7694e70, 4, 0;
    %load/vec4 v0x56a6e7692e00_0;
    %addi 1, 0, 32;
    %store/vec4 v0x56a6e7692e00_0, 0, 32;
    %jmp T_1.9;
T_1.10 ;
    %load/vec4 v0x56a6e7692d00_0;
    %addi 1, 0, 32;
    %store/vec4 v0x56a6e7692d00_0, 0, 32;
    %jmp T_1.7;
T_1.8 ;
    %jmp T_1.6;
T_1.4 ;
    %pushi/vec4 8388608, 0, 32;
    %split/vec4 16;
    %ix/load 4, 0, 0;
    %flag_set/imm 4, 0;
    %store/vec4a v0x56a6e7694dd0, 4, 0;
    %ix/load 4, 0, 0;
    %flag_set/imm 4, 0;
    %store/vec4a v0x56a6e7694e70, 4, 0;
    %pushi/vec4 8388608, 0, 32;
    %split/vec4 16;
    %ix/load 4, 1, 0;
    %flag_set/imm 4, 0;
    %store/vec4a v0x56a6e7694dd0, 4, 0;
    %ix/load 4, 1, 0;
    %flag_set/imm 4, 0;
    %store/vec4a v0x56a6e7694e70, 4, 0;
    %pushi/vec4 4286578688, 0, 32;
    %split/vec4 16;
    %ix/load 4, 2, 0;
    %flag_set/imm 4, 0;
    %store/vec4a v0x56a6e7694dd0, 4, 0;
    %ix/load 4, 2, 0;
    %flag_set/imm 4, 0;
    %store/vec4a v0x56a6e7694e70, 4, 0;
    %pushi/vec4 8388608, 0, 32;
    %split/vec4 16;
    %ix/load 4, 3, 0;
    %flag_set/imm 4, 0;
    %store/vec4a v0x56a6e7694dd0, 4, 0;
    %ix/load 4, 3, 0;
    %flag_set/imm 4, 0;
    %store/vec4a v0x56a6e7694e70, 4, 0;
    %pushi/vec4 8388608, 0, 32;
    %split/vec4 16;
    %ix/load 4, 4, 0;
    %flag_set/imm 4, 0;
    %store/vec4a v0x56a6e7694dd0, 4, 0;
    %ix/load 4, 4, 0;
    %flag_set/imm 4, 0;
    %store/vec4a v0x56a6e7694e70, 4, 0;
    %pushi/vec4 8388608, 0, 32;
    %split/vec4 16;
    %ix/load 4, 5, 0;
    %flag_set/imm 4, 0;
    %store/vec4a v0x56a6e7694dd0, 4, 0;
    %ix/load 4, 5, 0;
    %flag_set/imm 4, 0;
    %store/vec4a v0x56a6e7694e70, 4, 0;
    %pushi/vec4 4286578688, 0, 32;
    %split/vec4 16;
    %ix/load 4, 6, 0;
    %flag_set/imm 4, 0;
    %store/vec4a v0x56a6e7694dd0, 4, 0;
    %ix/load 4, 6, 0;
    %flag_set/imm 4, 0;
    %store/vec4a v0x56a6e7694e70, 4, 0;
    %pushi/vec4 8388608, 0, 32;
    %split/vec4 16;
    %ix/load 4, 7, 0;
    %flag_set/imm 4, 0;
    %store/vec4a v0x56a6e7694dd0, 4, 0;
    %ix/load 4, 7, 0;
    %flag_set/imm 4, 0;
    %store/vec4a v0x56a6e7694e70, 4, 0;
    %jmp T_1.6;
T_1.6 ;
    %pop/vec4 1;
    %end;
S_0x56a6e7692fa0 .scope task, "initialize_signals" "initialize_signals" 2 74, 2 74 0, S_0x56a6e75be380;
 .timescale -9 -12;
TD_tb_matrix_multiplier.initialize_signals ;
    %pushi/vec4 0, 0, 1;
    %store/vec4 v0x56a6e7694f30_0, 0, 1;
    %pushi/vec4 0, 0, 1;
    %store/vec4 v0x56a6e76944f0_0, 0, 1;
    %pushi/vec4 0, 0, 16;
    %store/vec4 v0x56a6e7694430_0, 0, 16;
    %pushi/vec4 0, 0, 16;
    %store/vec4 v0x56a6e7694350_0, 0, 16;
    %pushi/vec4 0, 0, 4;
    %store/vec4 v0x56a6e7694c40_0, 0, 4;
    %end;
S_0x56a6e7693130 .scope task, "print_results" "print_results" 2 191, 2 191 0, S_0x56a6e75be380;
 .timescale -9 -12;
v0x56a6e7693360_0 .var/i "i", 31 0;
v0x56a6e7693460_0 .var "q_idx", 3 0;
TD_tb_matrix_multiplier.print_results ;
    %load/vec4 v0x56a6e7693460_0;
    %store/vec4 v0x56a6e7692ee0_0, 0, 4;
    %fork TD_tb_matrix_multiplier.get_s_matrix, S_0x56a6e76928d0;
    %join;
    %vpi_call 2 196 "$display", "\012[H] Matrix (Real | Imaginary) - Fixed-Point Q8.8 Format" {0 0 0};
    %pushi/vec4 0, 0, 32;
    %store/vec4 v0x56a6e7693360_0, 0, 32;
T_3.11 ;
    %load/vec4 v0x56a6e7693360_0;
    %cmpi/s 4, 0, 32;
    %jmp/0xz T_3.12, 5;
    %load/vec4 v0x56a6e7693360_0;
    %pad/s 35;
    %pad/s 37;
    %muli 4, 0, 37;
    %ix/vec4/s 4;
    %load/vec4a v0x56a6e7694a60, 4;
    %cvt/rv/s;
    %pushi/real 1073741824, 4074; load=256.000
    %div/wr;
    %load/vec4 v0x56a6e7693360_0;
    %pad/s 35;
    %pad/s 37;
    %muli 4, 0, 37;
    %ix/vec4/s 4;
    %load/vec4a v0x56a6e76949c0, 4;
    %cvt/rv/s;
    %pushi/real 1073741824, 4074; load=256.000
    %div/wr;
    %load/vec4 v0x56a6e7693360_0;
    %pad/s 35;
    %pad/s 37;
    %muli 4, 0, 37;
    %pad/s 38;
    %pushi/vec4 1, 0, 2;
    %pad/s 38;
    %add;
    %ix/vec4/s 4;
    %load/vec4a v0x56a6e7694a60, 4;
    %cvt/rv/s;
    %pushi/real 1073741824, 4074; load=256.000
    %div/wr;
    %load/vec4 v0x56a6e7693360_0;
    %pad/s 35;
    %pad/s 37;
    %muli 4, 0, 37;
    %pad/s 38;
    %pushi/vec4 1, 0, 2;
    %pad/s 38;
    %add;
    %ix/vec4/s 4;
    %load/vec4a v0x56a6e76949c0, 4;
    %cvt/rv/s;
    %pushi/real 1073741824, 4074; load=256.000
    %div/wr;
    %load/vec4 v0x56a6e7693360_0;
    %pad/s 35;
    %pad/s 37;
    %muli 4, 0, 37;
    %pad/s 38;
    %pushi/vec4 2, 0, 3;
    %pad/s 38;
    %add;
    %ix/vec4/s 4;
    %load/vec4a v0x56a6e7694a60, 4;
    %cvt/rv/s;
    %pushi/real 1073741824, 4074; load=256.000
    %div/wr;
    %load/vec4 v0x56a6e7693360_0;
    %pad/s 35;
    %pad/s 37;
    %muli 4, 0, 37;
    %pad/s 38;
    %pushi/vec4 2, 0, 3;
    %pad/s 38;
    %add;
    %ix/vec4/s 4;
    %load/vec4a v0x56a6e76949c0, 4;
    %cvt/rv/s;
    %pushi/real 1073741824, 4074; load=256.000
    %div/wr;
    %load/vec4 v0x56a6e7693360_0;
    %pad/s 35;
    %pad/s 37;
    %muli 4, 0, 37;
    %pad/s 38;
    %pushi/vec4 3, 0, 3;
    %pad/s 38;
    %add;
    %ix/vec4/s 4;
    %load/vec4a v0x56a6e7694a60, 4;
    %cvt/rv/s;
    %pushi/real 1073741824, 4074; load=256.000
    %div/wr;
    %load/vec4 v0x56a6e7693360_0;
    %pad/s 35;
    %pad/s 37;
    %muli 4, 0, 37;
    %pad/s 38;
    %pushi/vec4 3, 0, 3;
    %pad/s 38;
    %add;
    %ix/vec4/s 4;
    %load/vec4a v0x56a6e76949c0, 4;
    %cvt/rv/s;
    %pushi/real 1073741824, 4074; load=256.000
    %div/wr;
    %vpi_call 2 198 "$display", "  %7.4f | %7.4f   %7.4f | %7.4f   %7.4f | %7.4f   %7.4f | %7.4f", W<7,r>, W<6,r>, W<5,r>, W<4,r>, W<3,r>, W<2,r>, W<1,r>, W<0,r> {0 8 0};
    %load/vec4 v0x56a6e7693360_0;
    %addi 1, 0, 32;
    %store/vec4 v0x56a6e7693360_0, 0, 32;
    %jmp T_3.11;
T_3.12 ;
    %vpi_call 2 205 "$display", "\012[S] Matrix for q_index = %0d (Real | Imaginary) - Fixed-Point Q8.8 Format", v0x56a6e7693460_0 {0 0 0};
    %pushi/vec4 0, 0, 32;
    %store/vec4 v0x56a6e7693360_0, 0, 32;
T_3.13 ;
    %load/vec4 v0x56a6e7693360_0;
    %cmpi/s 4, 0, 32;
    %jmp/0xz T_3.14, 5;
    %load/vec4 v0x56a6e7693360_0;
    %pad/s 34;
    %pad/s 35;
    %muli 2, 0, 35;
    %ix/vec4/s 4;
    %load/vec4a v0x56a6e7694e70, 4;
    %cvt/rv/s;
    %pushi/real 1073741824, 4074; load=256.000
    %div/wr;
    %load/vec4 v0x56a6e7693360_0;
    %pad/s 34;
    %pad/s 35;
    %muli 2, 0, 35;
    %ix/vec4/s 4;
    %load/vec4a v0x56a6e7694dd0, 4;
    %cvt/rv/s;
    %pushi/real 1073741824, 4074; load=256.000
    %div/wr;
    %load/vec4 v0x56a6e7693360_0;
    %pad/s 34;
    %pad/s 35;
    %muli 2, 0, 35;
    %pad/s 36;
    %pushi/vec4 1, 0, 2;
    %pad/s 36;
    %add;
    %ix/vec4/s 4;
    %load/vec4a v0x56a6e7694e70, 4;
    %cvt/rv/s;
    %pushi/real 1073741824, 4074; load=256.000
    %div/wr;
    %load/vec4 v0x56a6e7693360_0;
    %pad/s 34;
    %pad/s 35;
    %muli 2, 0, 35;
    %pad/s 36;
    %pushi/vec4 1, 0, 2;
    %pad/s 36;
    %add;
    %ix/vec4/s 4;
    %load/vec4a v0x56a6e7694dd0, 4;
    %cvt/rv/s;
    %pushi/real 1073741824, 4074; load=256.000
    %div/wr;
    %vpi_call 2 207 "$display", "  %7.4f | %7.4f   %7.4f | %7.4f", W<3,r>, W<2,r>, W<1,r>, W<0,r> {0 4 0};
    %load/vec4 v0x56a6e7693360_0;
    %addi 1, 0, 32;
    %store/vec4 v0x56a6e7693360_0, 0, 32;
    %jmp T_3.13;
T_3.14 ;
    %vpi_call 2 212 "$display", "\012[Hq] = [H] x [S] (Real | Imaginary) - Fixed-Point Q8.8 Format" {0 0 0};
    %pushi/vec4 0, 0, 32;
    %store/vec4 v0x56a6e7693360_0, 0, 32;
T_3.15 ;
    %load/vec4 v0x56a6e7693360_0;
    %cmpi/s 4, 0, 32;
    %jmp/0xz T_3.16, 5;
    %load/vec4 v0x56a6e7693360_0;
    %pad/s 34;
    %pad/s 35;
    %muli 2, 0, 35;
    %ix/vec4/s 4;
    %load/vec4a v0x56a6e7694ba0, 4;
    %cvt/rv/s;
    %pushi/real 1073741824, 4074; load=256.000
    %div/wr;
    %load/vec4 v0x56a6e7693360_0;
    %pad/s 34;
    %pad/s 35;
    %muli 2, 0, 35;
    %ix/vec4/s 4;
    %load/vec4a v0x56a6e7694b00, 4;
    %cvt/rv/s;
    %pushi/real 1073741824, 4074; load=256.000
    %div/wr;
    %load/vec4 v0x56a6e7693360_0;
    %pad/s 34;
    %pad/s 35;
    %muli 2, 0, 35;
    %pad/s 36;
    %pushi/vec4 1, 0, 2;
    %pad/s 36;
    %add;
    %ix/vec4/s 4;
    %load/vec4a v0x56a6e7694ba0, 4;
    %cvt/rv/s;
    %pushi/real 1073741824, 4074; load=256.000
    %div/wr;
    %load/vec4 v0x56a6e7693360_0;
    %pad/s 34;
    %pad/s 35;
    %muli 2, 0, 35;
    %pad/s 36;
    %pushi/vec4 1, 0, 2;
    %pad/s 36;
    %add;
    %ix/vec4/s 4;
    %load/vec4a v0x56a6e7694b00, 4;
    %cvt/rv/s;
    %pushi/real 1073741824, 4074; load=256.000
    %div/wr;
    %vpi_call 2 214 "$display", "  %7.4f | %7.4f   %7.4f | %7.4f", W<3,r>, W<2,r>, W<1,r>, W<0,r> {0 4 0};
    %load/vec4 v0x56a6e7693360_0;
    %addi 1, 0, 32;
    %store/vec4 v0x56a6e7693360_0, 0, 32;
    %jmp T_3.15;
T_3.16 ;
    %vpi_call 2 218 "$display", "--------------------------------------------------------------------------" {0 0 0};
    %end;
S_0x56a6e7693540 .scope task, "read_h_matrix_from_file" "read_h_matrix_from_file" 2 93, 2 93 0, S_0x56a6e75be380;
 .timescale -9 -12;
v0x56a6e7693720_0 .var/i "dummy", 31 0;
v0x56a6e7693820_0 .var/i "h_imag_fd", 31 0;
v0x56a6e7693900_0 .var/i "h_real_fd", 31 0;
v0x56a6e76939c0_0 .var/i "i", 31 0;
v0x56a6e7693aa0_0 .var/i "j", 31 0;
v0x56a6e7693bd0_0 .var/s "temp_data", 15 0;
TD_tb_matrix_multiplier.read_h_matrix_from_file ;
    %vpi_func 2 99 "$fopen" 32, P_0x56a6e75c7380, "r" {0 0 0};
    %store/vec4 v0x56a6e7693900_0, 0, 32;
    %vpi_func 2 100 "$fopen" 32, P_0x56a6e75c7340, "r" {0 0 0};
    %store/vec4 v0x56a6e7693820_0, 0, 32;
    %load/vec4 v0x56a6e7693900_0;
    %cmpi/e 0, 0, 32;
    %flag_mov 8, 4;
    %load/vec4 v0x56a6e7693820_0;
    %cmpi/e 0, 0, 32;
    %flag_or 4, 8;
    %jmp/0xz  T_4.17, 4;
    %vpi_call 2 103 "$display", "Error: Could not open one or more input files." {0 0 0};
    %vpi_call 2 104 "$finish" {0 0 0};
T_4.17 ;
    %pushi/vec4 0, 0, 32;
    %store/vec4 v0x56a6e7693aa0_0, 0, 32;
T_4.19 ;
    %load/vec4 v0x56a6e7693aa0_0;
    %cmpi/s 4, 0, 32;
    %jmp/0xz T_4.20, 5;
    %pushi/vec4 0, 0, 32;
    %store/vec4 v0x56a6e76939c0_0, 0, 32;
T_4.21 ;
    %load/vec4 v0x56a6e76939c0_0;
    %cmpi/s 4, 0, 32;
    %jmp/0xz T_4.22, 5;
    %vpi_func 2 109 "$fscanf" 32, v0x56a6e7693900_0, "%h", v0x56a6e7693bd0_0 {0 0 0};
    %store/vec4 v0x56a6e7693720_0, 0, 32;
    %load/vec4 v0x56a6e7693bd0_0;
    %load/vec4 v0x56a6e76939c0_0;
    %pad/s 35;
    %pad/s 37;
    %muli 4, 0, 37;
    %pad/s 38;
    %load/vec4 v0x56a6e7693aa0_0;
    %pad/s 38;
    %add;
    %ix/vec4/s 4;
    %store/vec4a v0x56a6e7694a60, 4, 0;
    %vpi_func 2 111 "$fscanf" 32, v0x56a6e7693820_0, "%h", v0x56a6e7693bd0_0 {0 0 0};
    %store/vec4 v0x56a6e7693720_0, 0, 32;
    %load/vec4 v0x56a6e7693bd0_0;
    %load/vec4 v0x56a6e76939c0_0;
    %pad/s 35;
    %pad/s 37;
    %muli 4, 0, 37;
    %pad/s 38;
    %load/vec4 v0x56a6e7693aa0_0;
    %pad/s 38;
    %add;
    %ix/vec4/s 4;
    %store/vec4a v0x56a6e76949c0, 4, 0;
    %load/vec4 v0x56a6e76939c0_0;
    %addi 1, 0, 32;
    %store/vec4 v0x56a6e76939c0_0, 0, 32;
    %jmp T_4.21;
T_4.22 ;
    %load/vec4 v0x56a6e7693aa0_0;
    %addi 1, 0, 32;
    %store/vec4 v0x56a6e7693aa0_0, 0, 32;
    %jmp T_4.19;
T_4.20 ;
    %vpi_call 2 116 "$fclose", v0x56a6e7693900_0 {0 0 0};
    %vpi_call 2 117 "$fclose", v0x56a6e7693820_0 {0 0 0};
    %end;
S_0x56a6e7693cb0 .scope task, "reset_dut" "reset_dut" 2 84, 2 84 0, S_0x56a6e75be380;
 .timescale -9 -12;
TD_tb_matrix_multiplier.reset_dut ;
    %pushi/vec4 1, 0, 1;
    %store/vec4 v0x56a6e7694d30_0, 0, 1;
    %delay 20000, 0;
    %pushi/vec4 0, 0, 1;
    %store/vec4 v0x56a6e7694d30_0, 0, 1;
    %delay 20000, 0;
    %end;
S_0x56a6e7693e90 .scope task, "run_and_capture_hq" "run_and_capture_hq" 2 137, 2 137 0, S_0x56a6e75be380;
 .timescale -9 -12;
v0x56a6e76940b0_0 .var/i "i", 31 0;
v0x56a6e76941b0_0 .var/i "j", 31 0;
v0x56a6e7694290_0 .var "q_idx", 3 0;
E_0x56a6e75fc610 .event edge, v0x56a6e76916f0_0;
TD_tb_matrix_multiplier.run_and_capture_hq ;
    %load/vec4 v0x56a6e7694290_0;
    %store/vec4 v0x56a6e7694c40_0, 0, 4;
    %pushi/vec4 1, 0, 1;
    %store/vec4 v0x56a6e7694f30_0, 0, 1;
    %wait E_0x56a6e75fe850;
    %pushi/vec4 0, 0, 1;
    %store/vec4 v0x56a6e7694f30_0, 0, 1;
    %fork TD_tb_matrix_multiplier.drive_h_matrix, S_0x56a6e7653b20;
    %join;
    %pushi/vec4 0, 0, 32;
    %store/vec4 v0x56a6e76940b0_0, 0, 32;
T_6.23 ;
    %load/vec4 v0x56a6e76940b0_0;
    %cmpi/s 4, 0, 32;
    %jmp/0xz T_6.24, 5;
    %pushi/vec4 0, 0, 32;
    %store/vec4 v0x56a6e76941b0_0, 0, 32;
T_6.25 ;
    %load/vec4 v0x56a6e76941b0_0;
    %cmpi/s 2, 0, 32;
    %jmp/0xz T_6.26, 5;
    %wait E_0x56a6e75fe850;
T_6.27 ;
    %load/vec4 v0x56a6e7694780_0;
    %nor/r;
    %flag_set/vec4 8;
    %jmp/0xz T_6.28, 8;
    %wait E_0x56a6e75fe850;
    %jmp T_6.27;
T_6.28 ;
    %load/vec4 v0x56a6e7694690_0;
    %load/vec4 v0x56a6e76940b0_0;
    %pad/s 34;
    %pad/s 35;
    %muli 2, 0, 35;
    %pad/s 36;
    %load/vec4 v0x56a6e76941b0_0;
    %pad/s 36;
    %add;
    %ix/vec4/s 4;
    %store/vec4a v0x56a6e7694ba0, 4, 0;
    %load/vec4 v0x56a6e76945c0_0;
    %load/vec4 v0x56a6e76940b0_0;
    %pad/s 34;
    %pad/s 35;
    %muli 2, 0, 35;
    %pad/s 36;
    %load/vec4 v0x56a6e76941b0_0;
    %pad/s 36;
    %add;
    %ix/vec4/s 4;
    %store/vec4a v0x56a6e7694b00, 4, 0;
    %wait E_0x56a6e75fe850;
    %load/vec4 v0x56a6e76941b0_0;
    %addi 1, 0, 32;
    %store/vec4 v0x56a6e76941b0_0, 0, 32;
    %jmp T_6.25;
T_6.26 ;
    %load/vec4 v0x56a6e76940b0_0;
    %addi 1, 0, 32;
    %store/vec4 v0x56a6e76940b0_0, 0, 32;
    %jmp T_6.23;
T_6.24 ;
T_6.29 ;
    %load/vec4 v0x56a6e76948f0_0;
    %cmpi/ne 1, 0, 1;
    %jmp/0xz T_6.30, 6;
    %wait E_0x56a6e75fc610;
    %jmp T_6.29;
T_6.30 ;
    %end;
    .scope S_0x56a6e768a760;
T_7 ;
    %wait E_0x56a6e75fe850;
    %load/vec4 v0x56a6e768efd0_0;
    %flag_set/vec4 8;
    %jmp/0xz  T_7.0, 8;
    %pushi/vec4 0, 0, 16;
    %assign/vec4 v0x56a6e768d9e0_0, 0;
    %pushi/vec4 0, 0, 16;
    %assign/vec4 v0x56a6e768d530_0, 0;
    %pushi/vec4 0, 0, 16;
    %assign/vec4 v0x56a6e768e1a0_0, 0;
    %pushi/vec4 0, 0, 16;
    %assign/vec4 v0x56a6e768de30_0, 0;
    %jmp T_7.1;
T_7.0 ;
    %load/vec4 v0x56a6e768d890_0;
    %assign/vec4 v0x56a6e768d9e0_0, 0;
    %load/vec4 v0x56a6e768d9e0_0;
    %assign/vec4 v0x56a6e768dac0_0, 0;
    %load/vec4 v0x56a6e768d490_0;
    %assign/vec4 v0x56a6e768d530_0, 0;
    %load/vec4 v0x56a6e768d530_0;
    %assign/vec4 v0x56a6e768d610_0, 0;
    %load/vec4 v0x56a6e768e0c0_0;
    %assign/vec4 v0x56a6e768e1a0_0, 0;
    %load/vec4 v0x56a6e768e1a0_0;
    %assign/vec4 v0x56a6e768e280_0, 0;
    %load/vec4 v0x56a6e768e280_0;
    %assign/vec4 v0x56a6e768e360_0, 0;
    %load/vec4 v0x56a6e768dd70_0;
    %assign/vec4 v0x56a6e768de30_0, 0;
    %load/vec4 v0x56a6e768de30_0;
    %assign/vec4 v0x56a6e768df10_0, 0;
    %load/vec4 v0x56a6e768df10_0;
    %assign/vec4 v0x56a6e768e000_0, 0;
T_7.1 ;
    %jmp T_7;
    .thread T_7;
    .scope S_0x56a6e768a760;
T_8 ;
    %wait E_0x56a6e75fe850;
    %load/vec4 v0x56a6e768d9e0_0;
    %load/vec4 v0x56a6e768d530_0;
    %sub;
    %assign/vec4 v0x56a6e768d1e0_0, 0;
    %load/vec4 v0x56a6e768f090_0;
    %assign/vec4 v0x56a6e768e7a0_0, 0;
    %load/vec4 v0x56a6e768e7a0_0;
    %assign/vec4 v0x56a6e768e500_0, 0;
    %jmp T_8;
    .thread T_8;
    .scope S_0x56a6e768a760;
T_9 ;
    %wait E_0x56a6e75fe850;
    %load/vec4 v0x56a6e768dac0_0;
    %assign/vec4 v0x56a6e768dba0_0, 0;
    %load/vec4 v0x56a6e768dba0_0;
    %assign/vec4 v0x56a6e768dc80_0, 0;
    %load/vec4 v0x56a6e768e360_0;
    %load/vec4 v0x56a6e768e000_0;
    %sub;
    %assign/vec4 v0x56a6e768d390_0, 0;
    %load/vec4 v0x56a6e768f250_0;
    %assign/vec4 v0x56a6e768e960_0, 0;
    %load/vec4 v0x56a6e768e500_0;
    %assign/vec4 v0x56a6e768e5e0_0, 0;
    %load/vec4 v0x56a6e768e960_0;
    %load/vec4 v0x56a6e768e5e0_0;
    %add;
    %assign/vec4 v0x56a6e768eef0_0, 0;
    %jmp T_9;
    .thread T_9;
    .scope S_0x56a6e768a760;
T_10 ;
    %wait E_0x56a6e75fe850;
    %load/vec4 v0x56a6e768d610_0;
    %assign/vec4 v0x56a6e768d6f0_0, 0;
    %load/vec4 v0x56a6e768d6f0_0;
    %assign/vec4 v0x56a6e768d7d0_0, 0;
    %load/vec4 v0x56a6e768e360_0;
    %load/vec4 v0x56a6e768e000_0;
    %add;
    %assign/vec4 v0x56a6e768d2c0_0, 0;
    %load/vec4 v0x56a6e768f180_0;
    %assign/vec4 v0x56a6e768e880_0, 0;
    %load/vec4 v0x56a6e768e500_0;
    %assign/vec4 v0x56a6e768e6c0_0, 0;
    %load/vec4 v0x56a6e768e880_0;
    %load/vec4 v0x56a6e768e6c0_0;
    %add;
    %assign/vec4 v0x56a6e768ed50_0, 0;
    %jmp T_10;
    .thread T_10;
    .scope S_0x56a6e768a390;
T_11 ;
    %wait E_0x56a6e76006b0;
    %load/vec4 v0x56a6e7690b10_0;
    %flag_set/vec4 8;
    %jmp/0xz  T_11.0, 8;
    %pushi/vec4 0, 0, 2;
    %assign/vec4 v0x56a6e7690050_0, 0;
    %jmp T_11.1;
T_11.0 ;
    %load/vec4 v0x56a6e768ffb0_0;
    %flag_set/vec4 8;
    %jmp/0xz  T_11.2, 8;
    %pushi/vec4 0, 0, 2;
    %assign/vec4 v0x56a6e7690050_0, 0;
    %jmp T_11.3;
T_11.2 ;
    %load/vec4 v0x56a6e7690050_0;
    %cmpi/e 3, 0, 2;
    %jmp/0xz  T_11.4, 4;
    %pushi/vec4 0, 0, 2;
    %assign/vec4 v0x56a6e7690050_0, 0;
    %jmp T_11.5;
T_11.4 ;
    %load/vec4 v0x56a6e7690a70_0;
    %flag_set/vec4 8;
    %jmp/0xz  T_11.6, 8;
    %load/vec4 v0x56a6e7690050_0;
    %addi 1, 0, 2;
    %assign/vec4 v0x56a6e7690050_0, 0;
T_11.6 ;
T_11.5 ;
T_11.3 ;
T_11.1 ;
    %jmp T_11;
    .thread T_11;
    .scope S_0x56a6e768a390;
T_12 ;
    %wait E_0x56a6e76006b0;
    %load/vec4 v0x56a6e7690b10_0;
    %flag_set/vec4 8;
    %jmp/0xz  T_12.0, 8;
    %pushi/vec4 0, 0, 6;
    %assign/vec4 v0x56a6e768fb90_0, 0;
    %jmp T_12.1;
T_12.0 ;
    %load/vec4 v0x56a6e76907f0_0;
    %assign/vec4 v0x56a6e7690730_0, 0;
    %load/vec4 v0x56a6e768fb90_0;
    %parti/s 5, 0, 2;
    %load/vec4 v0x56a6e7690130_0;
    %concat/vec4; draw_concat_vec4
    %assign/vec4 v0x56a6e768fb90_0, 0;
T_12.1 ;
    %jmp T_12;
    .thread T_12;
    .scope S_0x56a6e768a390;
T_13 ;
    %wait E_0x56a6e76006b0;
    %load/vec4 v0x56a6e7690b10_0;
    %flag_set/vec4 8;
    %jmp/0xz  T_13.0, 8;
    %pushi/vec4 0, 0, 32;
    %assign/vec4 v0x56a6e7690570_0, 0;
    %pushi/vec4 0, 0, 32;
    %assign/vec4 v0x56a6e76902d0_0, 0;
    %jmp T_13.1;
T_13.0 ;
    %load/vec4 v0x56a6e768ffb0_0;
    %flag_set/vec4 8;
    %jmp/0xz  T_13.2, 8;
    %pushi/vec4 0, 0, 32;
    %assign/vec4 v0x56a6e7690570_0, 0;
    %pushi/vec4 0, 0, 32;
    %assign/vec4 v0x56a6e76902d0_0, 0;
    %load/vec4 v0x56a6e7690570_0;
    %assign/vec4 v0x56a6e7690650_0, 0;
    %load/vec4 v0x56a6e76902d0_0;
    %assign/vec4 v0x56a6e76903b0_0, 0;
    %jmp T_13.3;
T_13.2 ;
    %load/vec4 v0x56a6e7690a70_0;
    %flag_set/vec4 8;
    %jmp/0xz  T_13.4, 8;
    %load/vec4 v0x56a6e7690570_0;
    %load/vec4 v0x56a6e76909a0_0;
    %parti/s 1, 15, 5;
    %replicate 16;
    %load/vec4 v0x56a6e76909a0_0;
    %concat/vec4; draw_concat_vec4
    %add;
    %assign/vec4 v0x56a6e7690570_0, 0;
    %load/vec4 v0x56a6e76902d0_0;
    %load/vec4 v0x56a6e76908b0_0;
    %parti/s 1, 15, 5;
    %replicate 16;
    %load/vec4 v0x56a6e76908b0_0;
    %concat/vec4; draw_concat_vec4
    %add;
    %assign/vec4 v0x56a6e76902d0_0, 0;
T_13.4 ;
T_13.3 ;
T_13.1 ;
    %jmp T_13;
    .thread T_13;
    .scope S_0x56a6e768a390;
T_14 ;
    %wait E_0x56a6e76006b0;
    %load/vec4 v0x56a6e7690b10_0;
    %flag_set/vec4 8;
    %jmp/0xz  T_14.0, 8;
    %pushi/vec4 0, 0, 16;
    %assign/vec4 v0x56a6e7690490_0, 0;
    %pushi/vec4 0, 0, 16;
    %assign/vec4 v0x56a6e76901f0_0, 0;
    %jmp T_14.1;
T_14.0 ;
    %load/vec4 v0x56a6e76907f0_0;
    %flag_set/vec4 8;
    %jmp/0xz  T_14.2, 8;
    %load/vec4 v0x56a6e7690570_0;
    %load/vec4 v0x56a6e76909a0_0;
    %parti/s 1, 15, 5;
    %replicate 16;
    %load/vec4 v0x56a6e76909a0_0;
    %concat/vec4; draw_concat_vec4
    %add;
    %pad/u 16;
    %assign/vec4 v0x56a6e7690490_0, 0;
    %load/vec4 v0x56a6e76902d0_0;
    %load/vec4 v0x56a6e76908b0_0;
    %parti/s 1, 15, 5;
    %replicate 16;
    %load/vec4 v0x56a6e76908b0_0;
    %concat/vec4; draw_concat_vec4
    %add;
    %pad/u 16;
    %assign/vec4 v0x56a6e76901f0_0, 0;
T_14.2 ;
T_14.1 ;
    %jmp T_14;
    .thread T_14;
    .scope S_0x56a6e7689d00;
T_15 ;
    %wait E_0x56a6e75fede0;
    %fork t_1, S_0x56a6e7690d60;
    %jmp t_0;
    .scope S_0x56a6e7690d60;
t_1 ;
    %load/vec4 v0x56a6e76920f0_0;
    %load/vec4 v0x56a6e7691b00_0;
    %concat/vec4; draw_concat_vec4
    %load/vec4 v0x56a6e7691a40_0;
    %concat/vec4; draw_concat_vec4
    %dup/vec4;
    %pushi/vec4 0, 0, 7;
    %cmp/u;
    %jmp/1 T_15.0, 6;
    %dup/vec4;
    %pushi/vec4 1, 0, 7;
    %cmp/u;
    %jmp/1 T_15.1, 6;
    %dup/vec4;
    %pushi/vec4 2, 0, 7;
    %cmp/u;
    %jmp/1 T_15.2, 6;
    %dup/vec4;
    %pushi/vec4 3, 0, 7;
    %cmp/u;
    %jmp/1 T_15.3, 6;
    %dup/vec4;
    %pushi/vec4 4, 0, 7;
    %cmp/u;
    %jmp/1 T_15.4, 6;
    %dup/vec4;
    %pushi/vec4 5, 0, 7;
    %cmp/u;
    %jmp/1 T_15.5, 6;
    %dup/vec4;
    %pushi/vec4 6, 0, 7;
    %cmp/u;
    %jmp/1 T_15.6, 6;
    %dup/vec4;
    %pushi/vec4 7, 0, 7;
    %cmp/u;
    %jmp/1 T_15.7, 6;
    %dup/vec4;
    %pushi/vec4 8, 0, 7;
    %cmp/u;
    %jmp/1 T_15.8, 6;
    %dup/vec4;
    %pushi/vec4 9, 0, 7;
    %cmp/u;
    %jmp/1 T_15.9, 6;
    %dup/vec4;
    %pushi/vec4 10, 0, 7;
    %cmp/u;
    %jmp/1 T_15.10, 6;
    %dup/vec4;
    %pushi/vec4 11, 0, 7;
    %cmp/u;
    %jmp/1 T_15.11, 6;
    %dup/vec4;
    %pushi/vec4 12, 0, 7;
    %cmp/u;
    %jmp/1 T_15.12, 6;
    %dup/vec4;
    %pushi/vec4 13, 0, 7;
    %cmp/u;
    %jmp/1 T_15.13, 6;
    %dup/vec4;
    %pushi/vec4 14, 0, 7;
    %cmp/u;
    %jmp/1 T_15.14, 6;
    %dup/vec4;
    %pushi/vec4 15, 0, 7;
    %cmp/u;
    %jmp/1 T_15.15, 6;
    %dup/vec4;
    %pushi/vec4 16, 0, 7;
    %cmp/u;
    %jmp/1 T_15.16, 6;
    %dup/vec4;
    %pushi/vec4 17, 0, 7;
    %cmp/u;
    %jmp/1 T_15.17, 6;
    %dup/vec4;
    %pushi/vec4 18, 0, 7;
    %cmp/u;
    %jmp/1 T_15.18, 6;
    %dup/vec4;
    %pushi/vec4 19, 0, 7;
    %cmp/u;
    %jmp/1 T_15.19, 6;
    %dup/vec4;
    %pushi/vec4 20, 0, 7;
    %cmp/u;
    %jmp/1 T_15.20, 6;
    %dup/vec4;
    %pushi/vec4 21, 0, 7;
    %cmp/u;
    %jmp/1 T_15.21, 6;
    %dup/vec4;
    %pushi/vec4 22, 0, 7;
    %cmp/u;
    %jmp/1 T_15.22, 6;
    %dup/vec4;
    %pushi/vec4 23, 0, 7;
    %cmp/u;
    %jmp/1 T_15.23, 6;
    %dup/vec4;
    %pushi/vec4 24, 0, 7;
    %cmp/u;
    %jmp/1 T_15.24, 6;
    %dup/vec4;
    %pushi/vec4 25, 0, 7;
    %cmp/u;
    %jmp/1 T_15.25, 6;
    %dup/vec4;
    %pushi/vec4 26, 0, 7;
    %cmp/u;
    %jmp/1 T_15.26, 6;
    %dup/vec4;
    %pushi/vec4 27, 0, 7;
    %cmp/u;
    %jmp/1 T_15.27, 6;
    %dup/vec4;
    %pushi/vec4 28, 0, 7;
    %cmp/u;
    %jmp/1 T_15.28, 6;
    %dup/vec4;
    %pushi/vec4 29, 0, 7;
    %cmp/u;
    %jmp/1 T_15.29, 6;
    %dup/vec4;
    %pushi/vec4 30, 0, 7;
    %cmp/u;
    %jmp/1 T_15.30, 6;
    %dup/vec4;
    %pushi/vec4 31, 0, 7;
    %cmp/u;
    %jmp/1 T_15.31, 6;
    %dup/vec4;
    %pushi/vec4 32, 0, 7;
    %cmp/u;
    %jmp/1 T_15.32, 6;
    %dup/vec4;
    %pushi/vec4 33, 0, 7;
    %cmp/u;
    %jmp/1 T_15.33, 6;
    %dup/vec4;
    %pushi/vec4 34, 0, 7;
    %cmp/u;
    %jmp/1 T_15.34, 6;
    %dup/vec4;
    %pushi/vec4 35, 0, 7;
    %cmp/u;
    %jmp/1 T_15.35, 6;
    %dup/vec4;
    %pushi/vec4 36, 0, 7;
    %cmp/u;
    %jmp/1 T_15.36, 6;
    %dup/vec4;
    %pushi/vec4 37, 0, 7;
    %cmp/u;
    %jmp/1 T_15.37, 6;
    %dup/vec4;
    %pushi/vec4 38, 0, 7;
    %cmp/u;
    %jmp/1 T_15.38, 6;
    %dup/vec4;
    %pushi/vec4 39, 0, 7;
    %cmp/u;
    %jmp/1 T_15.39, 6;
    %dup/vec4;
    %pushi/vec4 40, 0, 7;
    %cmp/u;
    %jmp/1 T_15.40, 6;
    %dup/vec4;
    %pushi/vec4 41, 0, 7;
    %cmp/u;
    %jmp/1 T_15.41, 6;
    %dup/vec4;
    %pushi/vec4 42, 0, 7;
    %cmp/u;
    %jmp/1 T_15.42, 6;
    %dup/vec4;
    %pushi/vec4 43, 0, 7;
    %cmp/u;
    %jmp/1 T_15.43, 6;
    %dup/vec4;
    %pushi/vec4 44, 0, 7;
    %cmp/u;
    %jmp/1 T_15.44, 6;
    %dup/vec4;
    %pushi/vec4 45, 0, 7;
    %cmp/u;
    %jmp/1 T_15.45, 6;
    %dup/vec4;
    %pushi/vec4 46, 0, 7;
    %cmp/u;
    %jmp/1 T_15.46, 6;
    %dup/vec4;
    %pushi/vec4 47, 0, 7;
    %cmp/u;
    %jmp/1 T_15.47, 6;
    %dup/vec4;
    %pushi/vec4 48, 0, 7;
    %cmp/u;
    %jmp/1 T_15.48, 6;
    %dup/vec4;
    %pushi/vec4 49, 0, 7;
    %cmp/u;
    %jmp/1 T_15.49, 6;
    %dup/vec4;
    %pushi/vec4 50, 0, 7;
    %cmp/u;
    %jmp/1 T_15.50, 6;
    %dup/vec4;
    %pushi/vec4 51, 0, 7;
    %cmp/u;
    %jmp/1 T_15.51, 6;
    %dup/vec4;
    %pushi/vec4 52, 0, 7;
    %cmp/u;
    %jmp/1 T_15.52, 6;
    %dup/vec4;
    %pushi/vec4 53, 0, 7;
    %cmp/u;
    %jmp/1 T_15.53, 6;
    %dup/vec4;
    %pushi/vec4 54, 0, 7;
    %cmp/u;
    %jmp/1 T_15.54, 6;
    %dup/vec4;
    %pushi/vec4 55, 0, 7;
    %cmp/u;
    %jmp/1 T_15.55, 6;
    %dup/vec4;
    %pushi/vec4 56, 0, 7;
    %cmp/u;
    %jmp/1 T_15.56, 6;
    %dup/vec4;
    %pushi/vec4 57, 0, 7;
    %cmp/u;
    %jmp/1 T_15.57, 6;
    %dup/vec4;
    %pushi/vec4 58, 0, 7;
    %cmp/u;
    %jmp/1 T_15.58, 6;
    %dup/vec4;
    %pushi/vec4 59, 0, 7;
    %cmp/u;
    %jmp/1 T_15.59, 6;
    %dup/vec4;
    %pushi/vec4 60, 0, 7;
    %cmp/u;
    %jmp/1 T_15.60, 6;
    %dup/vec4;
    %pushi/vec4 61, 0, 7;
    %cmp/u;
    %jmp/1 T_15.61, 6;
    %dup/vec4;
    %pushi/vec4 62, 0, 7;
    %cmp/u;
    %jmp/1 T_15.62, 6;
    %dup/vec4;
    %pushi/vec4 63, 0, 7;
    %cmp/u;
    %jmp/1 T_15.63, 6;
    %dup/vec4;
    %pushi/vec4 64, 0, 7;
    %cmp/u;
    %jmp/1 T_15.64, 6;
    %dup/vec4;
    %pushi/vec4 65, 0, 7;
    %cmp/u;
    %jmp/1 T_15.65, 6;
    %dup/vec4;
    %pushi/vec4 66, 0, 7;
    %cmp/u;
    %jmp/1 T_15.66, 6;
    %dup/vec4;
    %pushi/vec4 67, 0, 7;
    %cmp/u;
    %jmp/1 T_15.67, 6;
    %dup/vec4;
    %pushi/vec4 68, 0, 7;
    %cmp/u;
    %jmp/1 T_15.68, 6;
    %dup/vec4;
    %pushi/vec4 69, 0, 7;
    %cmp/u;
    %jmp/1 T_15.69, 6;
    %dup/vec4;
    %pushi/vec4 70, 0, 7;
    %cmp/u;
    %jmp/1 T_15.70, 6;
    %dup/vec4;
    %pushi/vec4 71, 0, 7;
    %cmp/u;
    %jmp/1 T_15.71, 6;
    %dup/vec4;
    %pushi/vec4 72, 0, 7;
    %cmp/u;
    %jmp/1 T_15.72, 6;
    %dup/vec4;
    %pushi/vec4 73, 0, 7;
    %cmp/u;
    %jmp/1 T_15.73, 6;
    %dup/vec4;
    %pushi/vec4 74, 0, 7;
    %cmp/u;
    %jmp/1 T_15.74, 6;
    %dup/vec4;
    %pushi/vec4 75, 0, 7;
    %cmp/u;
    %jmp/1 T_15.75, 6;
    %dup/vec4;
    %pushi/vec4 76, 0, 7;
    %cmp/u;
    %jmp/1 T_15.76, 6;
    %dup/vec4;
    %pushi/vec4 77, 0, 7;
    %cmp/u;
    %jmp/1 T_15.77, 6;
    %dup/vec4;
    %pushi/vec4 78, 0, 7;
    %cmp/u;
    %jmp/1 T_15.78, 6;
    %dup/vec4;
    %pushi/vec4 79, 0, 7;
    %cmp/u;
    %jmp/1 T_15.79, 6;
    %dup/vec4;
    %pushi/vec4 80, 0, 7;
    %cmp/u;
    %jmp/1 T_15.80, 6;
    %dup/vec4;
    %pushi/vec4 81, 0, 7;
    %cmp/u;
    %jmp/1 T_15.81, 6;
    %dup/vec4;
    %pushi/vec4 82, 0, 7;
    %cmp/u;
    %jmp/1 T_15.82, 6;
    %dup/vec4;
    %pushi/vec4 83, 0, 7;
    %cmp/u;
    %jmp/1 T_15.83, 6;
    %dup/vec4;
    %pushi/vec4 84, 0, 7;
    %cmp/u;
    %jmp/1 T_15.84, 6;
    %dup/vec4;
    %pushi/vec4 85, 0, 7;
    %cmp/u;
    %jmp/1 T_15.85, 6;
    %dup/vec4;
    %pushi/vec4 86, 0, 7;
    %cmp/u;
    %jmp/1 T_15.86, 6;
    %dup/vec4;
    %pushi/vec4 87, 0, 7;
    %cmp/u;
    %jmp/1 T_15.87, 6;
    %dup/vec4;
    %pushi/vec4 88, 0, 7;
    %cmp/u;
    %jmp/1 T_15.88, 6;
    %dup/vec4;
    %pushi/vec4 89, 0, 7;
    %cmp/u;
    %jmp/1 T_15.89, 6;
    %dup/vec4;
    %pushi/vec4 90, 0, 7;
    %cmp/u;
    %jmp/1 T_15.90, 6;
    %dup/vec4;
    %pushi/vec4 91, 0, 7;
    %cmp/u;
    %jmp/1 T_15.91, 6;
    %dup/vec4;
    %pushi/vec4 92, 0, 7;
    %cmp/u;
    %jmp/1 T_15.92, 6;
    %dup/vec4;
    %pushi/vec4 93, 0, 7;
    %cmp/u;
    %jmp/1 T_15.93, 6;
    %dup/vec4;
    %pushi/vec4 94, 0, 7;
    %cmp/u;
    %jmp/1 T_15.94, 6;
    %dup/vec4;
    %pushi/vec4 95, 0, 7;
    %cmp/u;
    %jmp/1 T_15.95, 6;
    %dup/vec4;
    %pushi/vec4 96, 0, 7;
    %cmp/u;
    %jmp/1 T_15.96, 6;
    %dup/vec4;
    %pushi/vec4 97, 0, 7;
    %cmp/u;
    %jmp/1 T_15.97, 6;
    %dup/vec4;
    %pushi/vec4 98, 0, 7;
    %cmp/u;
    %jmp/1 T_15.98, 6;
    %dup/vec4;
    %pushi/vec4 99, 0, 7;
    %cmp/u;
    %jmp/1 T_15.99, 6;
    %dup/vec4;
    %pushi/vec4 100, 0, 7;
    %cmp/u;
    %jmp/1 T_15.100, 6;
    %dup/vec4;
    %pushi/vec4 101, 0, 7;
    %cmp/u;
    %jmp/1 T_15.101, 6;
    %dup/vec4;
    %pushi/vec4 102, 0, 7;
    %cmp/u;
    %jmp/1 T_15.102, 6;
    %dup/vec4;
    %pushi/vec4 103, 0, 7;
    %cmp/u;
    %jmp/1 T_15.103, 6;
    %dup/vec4;
    %pushi/vec4 104, 0, 7;
    %cmp/u;
    %jmp/1 T_15.104, 6;
    %dup/vec4;
    %pushi/vec4 105, 0, 7;
    %cmp/u;
    %jmp/1 T_15.105, 6;
    %dup/vec4;
    %pushi/vec4 106, 0, 7;
    %cmp/u;
    %jmp/1 T_15.106, 6;
    %dup/vec4;
    %pushi/vec4 107, 0, 7;
    %cmp/u;
    %jmp/1 T_15.107, 6;
    %dup/vec4;
    %pushi/vec4 108, 0, 7;
    %cmp/u;
    %jmp/1 T_15.108, 6;
    %dup/vec4;
    %pushi/vec4 109, 0, 7;
    %cmp/u;
    %jmp/1 T_15.109, 6;
    %dup/vec4;
    %pushi/vec4 110, 0, 7;
    %cmp/u;
    %jmp/1 T_15.110, 6;
    %dup/vec4;
    %pushi/vec4 111, 0, 7;
    %cmp/u;
    %jmp/1 T_15.111, 6;
    %dup/vec4;
    %pushi/vec4 112, 0, 7;
    %cmp/u;
    %jmp/1 T_15.112, 6;
    %dup/vec4;
    %pushi/vec4 113, 0, 7;
    %cmp/u;
    %jmp/1 T_15.113, 6;
    %dup/vec4;
    %pushi/vec4 114, 0, 7;
    %cmp/u;
    %jmp/1 T_15.114, 6;
    %dup/vec4;
    %pushi/vec4 115, 0, 7;
    %cmp/u;
    %jmp/1 T_15.115, 6;
    %dup/vec4;
    %pushi/vec4 116, 0, 7;
    %cmp/u;
    %jmp/1 T_15.116, 6;
    %dup/vec4;
    %pushi/vec4 117, 0, 7;
    %cmp/u;
    %jmp/1 T_15.117, 6;
    %dup/vec4;
    %pushi/vec4 118, 0, 7;
    %cmp/u;
    %jmp/1 T_15.118, 6;
    %dup/vec4;
    %pushi/vec4 119, 0, 7;
    %cmp/u;
    %jmp/1 T_15.119, 6;
    %dup/vec4;
    %pushi/vec4 120, 0, 7;
    %cmp/u;
    %jmp/1 T_15.120, 6;
    %dup/vec4;
    %pushi/vec4 121, 0, 7;
    %cmp/u;
    %jmp/1 T_15.121, 6;
    %dup/vec4;
    %pushi/vec4 122, 0, 7;
    %cmp/u;
    %jmp/1 T_15.122, 6;
    %dup/vec4;
    %pushi/vec4 123, 0, 7;
    %cmp/u;
    %jmp/1 T_15.123, 6;
    %dup/vec4;
    %pushi/vec4 124, 0, 7;
    %cmp/u;
    %jmp/1 T_15.124, 6;
    %dup/vec4;
    %pushi/vec4 125, 0, 7;
    %cmp/u;
    %jmp/1 T_15.125, 6;
    %dup/vec4;
    %pushi/vec4 126, 0, 7;
    %cmp/u;
    %jmp/1 T_15.126, 6;
    %dup/vec4;
    %pushi/vec4 127, 0, 7;
    %cmp/u;
    %jmp/1 T_15.127, 6;
    %pushi/vec4 0, 0, 32;
    %split/vec4 16;
    %store/vec4 v0x56a6e7692350_0, 0, 16;
    %store/vec4 v0x56a6e7692460_0, 0, 16;
    %jmp T_15.129;
T_15.0 ;
    %pushi/vec4 0, 0, 32;
    %split/vec4 16;
    %store/vec4 v0x56a6e7692350_0, 0, 16;
    %store/vec4 v0x56a6e7692460_0, 0, 16;
    %jmp T_15.129;
T_15.1 ;
    %pushi/vec4 0, 0, 32;
    %split/vec4 16;
    %store/vec4 v0x56a6e7692350_0, 0, 16;
    %store/vec4 v0x56a6e7692460_0, 0, 16;
    %jmp T_15.129;
T_15.2 ;
    %pushi/vec4 0, 0, 32;
    %split/vec4 16;
    %store/vec4 v0x56a6e7692350_0, 0, 16;
    %store/vec4 v0x56a6e7692460_0, 0, 16;
    %jmp T_15.129;
T_15.3 ;
    %pushi/vec4 0, 0, 32;
    %split/vec4 16;
    %store/vec4 v0x56a6e7692350_0, 0, 16;
    %store/vec4 v0x56a6e7692460_0, 0, 16;
    %jmp T_15.129;
T_15.4 ;
    %pushi/vec4 0, 0, 32;
    %split/vec4 16;
    %store/vec4 v0x56a6e7692350_0, 0, 16;
    %store/vec4 v0x56a6e7692460_0, 0, 16;
    %jmp T_15.129;
T_15.5 ;
    %pushi/vec4 0, 0, 32;
    %split/vec4 16;
    %store/vec4 v0x56a6e7692350_0, 0, 16;
    %store/vec4 v0x56a6e7692460_0, 0, 16;
    %jmp T_15.129;
T_15.6 ;
    %pushi/vec4 0, 0, 32;
    %split/vec4 16;
    %store/vec4 v0x56a6e7692350_0, 0, 16;
    %store/vec4 v0x56a6e7692460_0, 0, 16;
    %jmp T_15.129;
T_15.7 ;
    %pushi/vec4 0, 0, 32;
    %split/vec4 16;
    %store/vec4 v0x56a6e7692350_0, 0, 16;
    %store/vec4 v0x56a6e7692460_0, 0, 16;
    %jmp T_15.129;
T_15.8 ;
    %pushi/vec4 0, 0, 32;
    %split/vec4 16;
    %store/vec4 v0x56a6e7692350_0, 0, 16;
    %store/vec4 v0x56a6e7692460_0, 0, 16;
    %jmp T_15.129;
T_15.9 ;
    %pushi/vec4 0, 0, 32;
    %split/vec4 16;
    %store/vec4 v0x56a6e7692350_0, 0, 16;
    %store/vec4 v0x56a6e7692460_0, 0, 16;
    %jmp T_15.129;
T_15.10 ;
    %pushi/vec4 0, 0, 32;
    %split/vec4 16;
    %store/vec4 v0x56a6e7692350_0, 0, 16;
    %store/vec4 v0x56a6e7692460_0, 0, 16;
    %jmp T_15.129;
T_15.11 ;
    %pushi/vec4 0, 0, 32;
    %split/vec4 16;
    %store/vec4 v0x56a6e7692350_0, 0, 16;
    %store/vec4 v0x56a6e7692460_0, 0, 16;
    %jmp T_15.129;
T_15.12 ;
    %pushi/vec4 0, 0, 32;
    %split/vec4 16;
    %store/vec4 v0x56a6e7692350_0, 0, 16;
    %store/vec4 v0x56a6e7692460_0, 0, 16;
    %jmp T_15.129;
T_15.13 ;
    %pushi/vec4 2097152, 0, 32;
    %split/vec4 16;
    %store/vec4 v0x56a6e7692350_0, 0, 16;
    %store/vec4 v0x56a6e7692460_0, 0, 16;
    %jmp T_15.129;
T_15.14 ;
    %pushi/vec4 2097152, 0, 32;
    %split/vec4 16;
    %store/vec4 v0x56a6e7692350_0, 0, 16;
    %store/vec4 v0x56a6e7692460_0, 0, 16;
    %jmp T_15.129;
T_15.15 ;
    %pushi/vec4 0, 0, 32;
    %split/vec4 16;
    %store/vec4 v0x56a6e7692350_0, 0, 16;
    %store/vec4 v0x56a6e7692460_0, 0, 16;
    %jmp T_15.129;
T_15.16 ;
    %pushi/vec4 0, 0, 32;
    %split/vec4 16;
    %store/vec4 v0x56a6e7692350_0, 0, 16;
    %store/vec4 v0x56a6e7692460_0, 0, 16;
    %jmp T_15.129;
T_15.17 ;
    %pushi/vec4 0, 0, 32;
    %split/vec4 16;
    %store/vec4 v0x56a6e7692350_0, 0, 16;
    %store/vec4 v0x56a6e7692460_0, 0, 16;
    %jmp T_15.129;
T_15.18 ;
    %pushi/vec4 0, 0, 32;
    %split/vec4 16;
    %store/vec4 v0x56a6e7692350_0, 0, 16;
    %store/vec4 v0x56a6e7692460_0, 0, 16;
    %jmp T_15.129;
T_15.19 ;
    %pushi/vec4 0, 0, 32;
    %split/vec4 16;
    %store/vec4 v0x56a6e7692350_0, 0, 16;
    %store/vec4 v0x56a6e7692460_0, 0, 16;
    %jmp T_15.129;
T_15.20 ;
    %pushi/vec4 0, 0, 32;
    %split/vec4 16;
    %store/vec4 v0x56a6e7692350_0, 0, 16;
    %store/vec4 v0x56a6e7692460_0, 0, 16;
    %jmp T_15.129;
T_15.21 ;
    %pushi/vec4 0, 0, 32;
    %split/vec4 16;
    %store/vec4 v0x56a6e7692350_0, 0, 16;
    %store/vec4 v0x56a6e7692460_0, 0, 16;
    %jmp T_15.129;
T_15.22 ;
    %pushi/vec4 0, 0, 32;
    %split/vec4 16;
    %store/vec4 v0x56a6e7692350_0, 0, 16;
    %store/vec4 v0x56a6e7692460_0, 0, 16;
    %jmp T_15.129;
T_15.23 ;
    %pushi/vec4 0, 0, 32;
    %split/vec4 16;
    %store/vec4 v0x56a6e7692350_0, 0, 16;
    %store/vec4 v0x56a6e7692460_0, 0, 16;
    %jmp T_15.129;
T_15.24 ;
    %pushi/vec4 0, 0, 32;
    %split/vec4 16;
    %store/vec4 v0x56a6e7692350_0, 0, 16;
    %store/vec4 v0x56a6e7692460_0, 0, 16;
    %jmp T_15.129;
T_15.25 ;
    %pushi/vec4 0, 0, 32;
    %split/vec4 16;
    %store/vec4 v0x56a6e7692350_0, 0, 16;
    %store/vec4 v0x56a6e7692460_0, 0, 16;
    %jmp T_15.129;
T_15.26 ;
    %pushi/vec4 0, 0, 32;
    %split/vec4 16;
    %store/vec4 v0x56a6e7692350_0, 0, 16;
    %store/vec4 v0x56a6e7692460_0, 0, 16;
    %jmp T_15.129;
T_15.27 ;
    %pushi/vec4 0, 0, 32;
    %split/vec4 16;
    %store/vec4 v0x56a6e7692350_0, 0, 16;
    %store/vec4 v0x56a6e7692460_0, 0, 16;
    %jmp T_15.129;
T_15.28 ;
    %pushi/vec4 0, 0, 32;
    %split/vec4 16;
    %store/vec4 v0x56a6e7692350_0, 0, 16;
    %store/vec4 v0x56a6e7692460_0, 0, 16;
    %jmp T_15.129;
T_15.29 ;
    %pushi/vec4 4292870144, 0, 32;
    %split/vec4 16;
    %store/vec4 v0x56a6e7692350_0, 0, 16;
    %store/vec4 v0x56a6e7692460_0, 0, 16;
    %jmp T_15.129;
T_15.30 ;
    %pushi/vec4 4292870144, 0, 32;
    %split/vec4 16;
    %store/vec4 v0x56a6e7692350_0, 0, 16;
    %store/vec4 v0x56a6e7692460_0, 0, 16;
    %jmp T_15.129;
T_15.31 ;
    %pushi/vec4 0, 0, 32;
    %split/vec4 16;
    %store/vec4 v0x56a6e7692350_0, 0, 16;
    %store/vec4 v0x56a6e7692460_0, 0, 16;
    %jmp T_15.129;
T_15.32 ;
    %pushi/vec4 0, 0, 32;
    %split/vec4 16;
    %store/vec4 v0x56a6e7692350_0, 0, 16;
    %store/vec4 v0x56a6e7692460_0, 0, 16;
    %jmp T_15.129;
T_15.33 ;
    %pushi/vec4 0, 0, 32;
    %split/vec4 16;
    %store/vec4 v0x56a6e7692350_0, 0, 16;
    %store/vec4 v0x56a6e7692460_0, 0, 16;
    %jmp T_15.129;
T_15.34 ;
    %pushi/vec4 0, 0, 32;
    %split/vec4 16;
    %store/vec4 v0x56a6e7692350_0, 0, 16;
    %store/vec4 v0x56a6e7692460_0, 0, 16;
    %jmp T_15.129;
T_15.35 ;
    %pushi/vec4 0, 0, 32;
    %split/vec4 16;
    %store/vec4 v0x56a6e7692350_0, 0, 16;
    %store/vec4 v0x56a6e7692460_0, 0, 16;
    %jmp T_15.129;
T_15.36 ;
    %pushi/vec4 0, 0, 32;
    %split/vec4 16;
    %store/vec4 v0x56a6e7692350_0, 0, 16;
    %store/vec4 v0x56a6e7692460_0, 0, 16;
    %jmp T_15.129;
T_15.37 ;
    %pushi/vec4 0, 0, 32;
    %split/vec4 16;
    %store/vec4 v0x56a6e7692350_0, 0, 16;
    %store/vec4 v0x56a6e7692460_0, 0, 16;
    %jmp T_15.129;
T_15.38 ;
    %pushi/vec4 0, 0, 32;
    %split/vec4 16;
    %store/vec4 v0x56a6e7692350_0, 0, 16;
    %store/vec4 v0x56a6e7692460_0, 0, 16;
    %jmp T_15.129;
T_15.39 ;
    %pushi/vec4 0, 0, 32;
    %split/vec4 16;
    %store/vec4 v0x56a6e7692350_0, 0, 16;
    %store/vec4 v0x56a6e7692460_0, 0, 16;
    %jmp T_15.129;
T_15.40 ;
    %pushi/vec4 0, 0, 32;
    %split/vec4 16;
    %store/vec4 v0x56a6e7692350_0, 0, 16;
    %store/vec4 v0x56a6e7692460_0, 0, 16;
    %jmp T_15.129;
T_15.41 ;
    %pushi/vec4 0, 0, 32;
    %split/vec4 16;
    %store/vec4 v0x56a6e7692350_0, 0, 16;
    %store/vec4 v0x56a6e7692460_0, 0, 16;
    %jmp T_15.129;
T_15.42 ;
    %pushi/vec4 0, 0, 32;
    %split/vec4 16;
    %store/vec4 v0x56a6e7692350_0, 0, 16;
    %store/vec4 v0x56a6e7692460_0, 0, 16;
    %jmp T_15.129;
T_15.43 ;
    %pushi/vec4 0, 0, 32;
    %split/vec4 16;
    %store/vec4 v0x56a6e7692350_0, 0, 16;
    %store/vec4 v0x56a6e7692460_0, 0, 16;
    %jmp T_15.129;
T_15.44 ;
    %pushi/vec4 0, 0, 32;
    %split/vec4 16;
    %store/vec4 v0x56a6e7692350_0, 0, 16;
    %store/vec4 v0x56a6e7692460_0, 0, 16;
    %jmp T_15.129;
T_15.45 ;
    %pushi/vec4 2097152, 0, 32;
    %split/vec4 16;
    %store/vec4 v0x56a6e7692350_0, 0, 16;
    %store/vec4 v0x56a6e7692460_0, 0, 16;
    %jmp T_15.129;
T_15.46 ;
    %pushi/vec4 2097152, 0, 32;
    %split/vec4 16;
    %store/vec4 v0x56a6e7692350_0, 0, 16;
    %store/vec4 v0x56a6e7692460_0, 0, 16;
    %jmp T_15.129;
T_15.47 ;
    %pushi/vec4 0, 0, 32;
    %split/vec4 16;
    %store/vec4 v0x56a6e7692350_0, 0, 16;
    %store/vec4 v0x56a6e7692460_0, 0, 16;
    %jmp T_15.129;
T_15.48 ;
    %pushi/vec4 0, 0, 32;
    %split/vec4 16;
    %store/vec4 v0x56a6e7692350_0, 0, 16;
    %store/vec4 v0x56a6e7692460_0, 0, 16;
    %jmp T_15.129;
T_15.49 ;
    %pushi/vec4 0, 0, 32;
    %split/vec4 16;
    %store/vec4 v0x56a6e7692350_0, 0, 16;
    %store/vec4 v0x56a6e7692460_0, 0, 16;
    %jmp T_15.129;
T_15.50 ;
    %pushi/vec4 0, 0, 32;
    %split/vec4 16;
    %store/vec4 v0x56a6e7692350_0, 0, 16;
    %store/vec4 v0x56a6e7692460_0, 0, 16;
    %jmp T_15.129;
T_15.51 ;
    %pushi/vec4 0, 0, 32;
    %split/vec4 16;
    %store/vec4 v0x56a6e7692350_0, 0, 16;
    %store/vec4 v0x56a6e7692460_0, 0, 16;
    %jmp T_15.129;
T_15.52 ;
    %pushi/vec4 0, 0, 32;
    %split/vec4 16;
    %store/vec4 v0x56a6e7692350_0, 0, 16;
    %store/vec4 v0x56a6e7692460_0, 0, 16;
    %jmp T_15.129;
T_15.53 ;
    %pushi/vec4 0, 0, 32;
    %split/vec4 16;
    %store/vec4 v0x56a6e7692350_0, 0, 16;
    %store/vec4 v0x56a6e7692460_0, 0, 16;
    %jmp T_15.129;
T_15.54 ;
    %pushi/vec4 0, 0, 32;
    %split/vec4 16;
    %store/vec4 v0x56a6e7692350_0, 0, 16;
    %store/vec4 v0x56a6e7692460_0, 0, 16;
    %jmp T_15.129;
T_15.55 ;
    %pushi/vec4 0, 0, 32;
    %split/vec4 16;
    %store/vec4 v0x56a6e7692350_0, 0, 16;
    %store/vec4 v0x56a6e7692460_0, 0, 16;
    %jmp T_15.129;
T_15.56 ;
    %pushi/vec4 0, 0, 32;
    %split/vec4 16;
    %store/vec4 v0x56a6e7692350_0, 0, 16;
    %store/vec4 v0x56a6e7692460_0, 0, 16;
    %jmp T_15.129;
T_15.57 ;
    %pushi/vec4 0, 0, 32;
    %split/vec4 16;
    %store/vec4 v0x56a6e7692350_0, 0, 16;
    %store/vec4 v0x56a6e7692460_0, 0, 16;
    %jmp T_15.129;
T_15.58 ;
    %pushi/vec4 0, 0, 32;
    %split/vec4 16;
    %store/vec4 v0x56a6e7692350_0, 0, 16;
    %store/vec4 v0x56a6e7692460_0, 0, 16;
    %jmp T_15.129;
T_15.59 ;
    %pushi/vec4 0, 0, 32;
    %split/vec4 16;
    %store/vec4 v0x56a6e7692350_0, 0, 16;
    %store/vec4 v0x56a6e7692460_0, 0, 16;
    %jmp T_15.129;
T_15.60 ;
    %pushi/vec4 0, 0, 32;
    %split/vec4 16;
    %store/vec4 v0x56a6e7692350_0, 0, 16;
    %store/vec4 v0x56a6e7692460_0, 0, 16;
    %jmp T_15.129;
T_15.61 ;
    %pushi/vec4 4292870144, 0, 32;
    %split/vec4 16;
    %store/vec4 v0x56a6e7692350_0, 0, 16;
    %store/vec4 v0x56a6e7692460_0, 0, 16;
    %jmp T_15.129;
T_15.62 ;
    %pushi/vec4 4292870144, 0, 32;
    %split/vec4 16;
    %store/vec4 v0x56a6e7692350_0, 0, 16;
    %store/vec4 v0x56a6e7692460_0, 0, 16;
    %jmp T_15.129;
T_15.63 ;
    %pushi/vec4 0, 0, 32;
    %split/vec4 16;
    %store/vec4 v0x56a6e7692350_0, 0, 16;
    %store/vec4 v0x56a6e7692460_0, 0, 16;
    %jmp T_15.129;
T_15.64 ;
    %pushi/vec4 0, 0, 32;
    %split/vec4 16;
    %store/vec4 v0x56a6e7692350_0, 0, 16;
    %store/vec4 v0x56a6e7692460_0, 0, 16;
    %jmp T_15.129;
T_15.65 ;
    %pushi/vec4 0, 0, 32;
    %split/vec4 16;
    %store/vec4 v0x56a6e7692350_0, 0, 16;
    %store/vec4 v0x56a6e7692460_0, 0, 16;
    %jmp T_15.129;
T_15.66 ;
    %pushi/vec4 0, 0, 32;
    %split/vec4 16;
    %store/vec4 v0x56a6e7692350_0, 0, 16;
    %store/vec4 v0x56a6e7692460_0, 0, 16;
    %jmp T_15.129;
T_15.67 ;
    %pushi/vec4 0, 0, 32;
    %split/vec4 16;
    %store/vec4 v0x56a6e7692350_0, 0, 16;
    %store/vec4 v0x56a6e7692460_0, 0, 16;
    %jmp T_15.129;
T_15.68 ;
    %pushi/vec4 2097152, 0, 32;
    %split/vec4 16;
    %store/vec4 v0x56a6e7692350_0, 0, 16;
    %store/vec4 v0x56a6e7692460_0, 0, 16;
    %jmp T_15.129;
T_15.69 ;
    %pushi/vec4 0, 0, 32;
    %split/vec4 16;
    %store/vec4 v0x56a6e7692350_0, 0, 16;
    %store/vec4 v0x56a6e7692460_0, 0, 16;
    %jmp T_15.129;
T_15.70 ;
    %pushi/vec4 0, 0, 32;
    %split/vec4 16;
    %store/vec4 v0x56a6e7692350_0, 0, 16;
    %store/vec4 v0x56a6e7692460_0, 0, 16;
    %jmp T_15.129;
T_15.71 ;
    %pushi/vec4 2097152, 0, 32;
    %split/vec4 16;
    %store/vec4 v0x56a6e7692350_0, 0, 16;
    %store/vec4 v0x56a6e7692460_0, 0, 16;
    %jmp T_15.129;
T_15.72 ;
    %pushi/vec4 0, 0, 32;
    %split/vec4 16;
    %store/vec4 v0x56a6e7692350_0, 0, 16;
    %store/vec4 v0x56a6e7692460_0, 0, 16;
    %jmp T_15.129;
T_15.73 ;
    %pushi/vec4 0, 0, 32;
    %split/vec4 16;
    %store/vec4 v0x56a6e7692350_0, 0, 16;
    %store/vec4 v0x56a6e7692460_0, 0, 16;
    %jmp T_15.129;
T_15.74 ;
    %pushi/vec4 0, 0, 32;
    %split/vec4 16;
    %store/vec4 v0x56a6e7692350_0, 0, 16;
    %store/vec4 v0x56a6e7692460_0, 0, 16;
    %jmp T_15.129;
T_15.75 ;
    %pushi/vec4 0, 0, 32;
    %split/vec4 16;
    %store/vec4 v0x56a6e7692350_0, 0, 16;
    %store/vec4 v0x56a6e7692460_0, 0, 16;
    %jmp T_15.129;
T_15.76 ;
    %pushi/vec4 2097152, 0, 32;
    %split/vec4 16;
    %store/vec4 v0x56a6e7692350_0, 0, 16;
    %store/vec4 v0x56a6e7692460_0, 0, 16;
    %jmp T_15.129;
T_15.77 ;
    %pushi/vec4 2097152, 0, 32;
    %split/vec4 16;
    %store/vec4 v0x56a6e7692350_0, 0, 16;
    %store/vec4 v0x56a6e7692460_0, 0, 16;
    %jmp T_15.129;
T_15.78 ;
    %pushi/vec4 2097152, 0, 32;
    %split/vec4 16;
    %store/vec4 v0x56a6e7692350_0, 0, 16;
    %store/vec4 v0x56a6e7692460_0, 0, 16;
    %jmp T_15.129;
T_15.79 ;
    %pushi/vec4 2097152, 0, 32;
    %split/vec4 16;
    %store/vec4 v0x56a6e7692350_0, 0, 16;
    %store/vec4 v0x56a6e7692460_0, 0, 16;
    %jmp T_15.129;
T_15.80 ;
    %pushi/vec4 0, 0, 32;
    %split/vec4 16;
    %store/vec4 v0x56a6e7692350_0, 0, 16;
    %store/vec4 v0x56a6e7692460_0, 0, 16;
    %jmp T_15.129;
T_15.81 ;
    %pushi/vec4 0, 0, 32;
    %split/vec4 16;
    %store/vec4 v0x56a6e7692350_0, 0, 16;
    %store/vec4 v0x56a6e7692460_0, 0, 16;
    %jmp T_15.129;
T_15.82 ;
    %pushi/vec4 0, 0, 32;
    %split/vec4 16;
    %store/vec4 v0x56a6e7692350_0, 0, 16;
    %store/vec4 v0x56a6e7692460_0, 0, 16;
    %jmp T_15.129;
T_15.83 ;
    %pushi/vec4 0, 0, 32;
    %split/vec4 16;
    %store/vec4 v0x56a6e7692350_0, 0, 16;
    %store/vec4 v0x56a6e7692460_0, 0, 16;
    %jmp T_15.129;
T_15.84 ;
    %pushi/vec4 2097152, 0, 32;
    %split/vec4 16;
    %store/vec4 v0x56a6e7692350_0, 0, 16;
    %store/vec4 v0x56a6e7692460_0, 0, 16;
    %jmp T_15.129;
T_15.85 ;
    %pushi/vec4 0, 0, 32;
    %split/vec4 16;
    %store/vec4 v0x56a6e7692350_0, 0, 16;
    %store/vec4 v0x56a6e7692460_0, 0, 16;
    %jmp T_15.129;
T_15.86 ;
    %pushi/vec4 0, 0, 32;
    %split/vec4 16;
    %store/vec4 v0x56a6e7692350_0, 0, 16;
    %store/vec4 v0x56a6e7692460_0, 0, 16;
    %jmp T_15.129;
T_15.87 ;
    %pushi/vec4 2097152, 0, 32;
    %split/vec4 16;
    %store/vec4 v0x56a6e7692350_0, 0, 16;
    %store/vec4 v0x56a6e7692460_0, 0, 16;
    %jmp T_15.129;
T_15.88 ;
    %pushi/vec4 0, 0, 32;
    %split/vec4 16;
    %store/vec4 v0x56a6e7692350_0, 0, 16;
    %store/vec4 v0x56a6e7692460_0, 0, 16;
    %jmp T_15.129;
T_15.89 ;
    %pushi/vec4 0, 0, 32;
    %split/vec4 16;
    %store/vec4 v0x56a6e7692350_0, 0, 16;
    %store/vec4 v0x56a6e7692460_0, 0, 16;
    %jmp T_15.129;
T_15.90 ;
    %pushi/vec4 0, 0, 32;
    %split/vec4 16;
    %store/vec4 v0x56a6e7692350_0, 0, 16;
    %store/vec4 v0x56a6e7692460_0, 0, 16;
    %jmp T_15.129;
T_15.91 ;
    %pushi/vec4 0, 0, 32;
    %split/vec4 16;
    %store/vec4 v0x56a6e7692350_0, 0, 16;
    %store/vec4 v0x56a6e7692460_0, 0, 16;
    %jmp T_15.129;
T_15.92 ;
    %pushi/vec4 2097152, 0, 32;
    %split/vec4 16;
    %store/vec4 v0x56a6e7692350_0, 0, 16;
    %store/vec4 v0x56a6e7692460_0, 0, 16;
    %jmp T_15.129;
T_15.93 ;
    %pushi/vec4 4292870144, 0, 32;
    %split/vec4 16;
    %store/vec4 v0x56a6e7692350_0, 0, 16;
    %store/vec4 v0x56a6e7692460_0, 0, 16;
    %jmp T_15.129;
T_15.94 ;
    %pushi/vec4 4292870144, 0, 32;
    %split/vec4 16;
    %store/vec4 v0x56a6e7692350_0, 0, 16;
    %store/vec4 v0x56a6e7692460_0, 0, 16;
    %jmp T_15.129;
T_15.95 ;
    %pushi/vec4 2097152, 0, 32;
    %split/vec4 16;
    %store/vec4 v0x56a6e7692350_0, 0, 16;
    %store/vec4 v0x56a6e7692460_0, 0, 16;
    %jmp T_15.129;
T_15.96 ;
    %pushi/vec4 0, 0, 32;
    %split/vec4 16;
    %store/vec4 v0x56a6e7692350_0, 0, 16;
    %store/vec4 v0x56a6e7692460_0, 0, 16;
    %jmp T_15.129;
T_15.97 ;
    %pushi/vec4 0, 0, 32;
    %split/vec4 16;
    %store/vec4 v0x56a6e7692350_0, 0, 16;
    %store/vec4 v0x56a6e7692460_0, 0, 16;
    %jmp T_15.129;
T_15.98 ;
    %pushi/vec4 0, 0, 32;
    %split/vec4 16;
    %store/vec4 v0x56a6e7692350_0, 0, 16;
    %store/vec4 v0x56a6e7692460_0, 0, 16;
    %jmp T_15.129;
T_15.99 ;
    %pushi/vec4 0, 0, 32;
    %split/vec4 16;
    %store/vec4 v0x56a6e7692350_0, 0, 16;
    %store/vec4 v0x56a6e7692460_0, 0, 16;
    %jmp T_15.129;
T_15.100 ;
    %pushi/vec4 4292870144, 0, 32;
    %split/vec4 16;
    %store/vec4 v0x56a6e7692350_0, 0, 16;
    %store/vec4 v0x56a6e7692460_0, 0, 16;
    %jmp T_15.129;
T_15.101 ;
    %pushi/vec4 0, 0, 32;
    %split/vec4 16;
    %store/vec4 v0x56a6e7692350_0, 0, 16;
    %store/vec4 v0x56a6e7692460_0, 0, 16;
    %jmp T_15.129;
T_15.102 ;
    %pushi/vec4 0, 0, 32;
    %split/vec4 16;
    %store/vec4 v0x56a6e7692350_0, 0, 16;
    %store/vec4 v0x56a6e7692460_0, 0, 16;
    %jmp T_15.129;
T_15.103 ;
    %pushi/vec4 4292870144, 0, 32;
    %split/vec4 16;
    %store/vec4 v0x56a6e7692350_0, 0, 16;
    %store/vec4 v0x56a6e7692460_0, 0, 16;
    %jmp T_15.129;
T_15.104 ;
    %pushi/vec4 0, 0, 32;
    %split/vec4 16;
    %store/vec4 v0x56a6e7692350_0, 0, 16;
    %store/vec4 v0x56a6e7692460_0, 0, 16;
    %jmp T_15.129;
T_15.105 ;
    %pushi/vec4 0, 0, 32;
    %split/vec4 16;
    %store/vec4 v0x56a6e7692350_0, 0, 16;
    %store/vec4 v0x56a6e7692460_0, 0, 16;
    %jmp T_15.129;
T_15.106 ;
    %pushi/vec4 0, 0, 32;
    %split/vec4 16;
    %store/vec4 v0x56a6e7692350_0, 0, 16;
    %store/vec4 v0x56a6e7692460_0, 0, 16;
    %jmp T_15.129;
T_15.107 ;
    %pushi/vec4 0, 0, 32;
    %split/vec4 16;
    %store/vec4 v0x56a6e7692350_0, 0, 16;
    %store/vec4 v0x56a6e7692460_0, 0, 16;
    %jmp T_15.129;
T_15.108 ;
    %pushi/vec4 4292870144, 0, 32;
    %split/vec4 16;
    %store/vec4 v0x56a6e7692350_0, 0, 16;
    %store/vec4 v0x56a6e7692460_0, 0, 16;
    %jmp T_15.129;
T_15.109 ;
    %pushi/vec4 2097152, 0, 32;
    %split/vec4 16;
    %store/vec4 v0x56a6e7692350_0, 0, 16;
    %store/vec4 v0x56a6e7692460_0, 0, 16;
    %jmp T_15.129;
T_15.110 ;
    %pushi/vec4 2097152, 0, 32;
    %split/vec4 16;
    %store/vec4 v0x56a6e7692350_0, 0, 16;
    %store/vec4 v0x56a6e7692460_0, 0, 16;
    %jmp T_15.129;
T_15.111 ;
    %pushi/vec4 4292870144, 0, 32;
    %split/vec4 16;
    %store/vec4 v0x56a6e7692350_0, 0, 16;
    %store/vec4 v0x56a6e7692460_0, 0, 16;
    %jmp T_15.129;
T_15.112 ;
    %pushi/vec4 0, 0, 32;
    %split/vec4 16;
    %store/vec4 v0x56a6e7692350_0, 0, 16;
    %store/vec4 v0x56a6e7692460_0, 0, 16;
    %jmp T_15.129;
T_15.113 ;
    %pushi/vec4 0, 0, 32;
    %split/vec4 16;
    %store/vec4 v0x56a6e7692350_0, 0, 16;
    %store/vec4 v0x56a6e7692460_0, 0, 16;
    %jmp T_15.129;
T_15.114 ;
    %pushi/vec4 0, 0, 32;
    %split/vec4 16;
    %store/vec4 v0x56a6e7692350_0, 0, 16;
    %store/vec4 v0x56a6e7692460_0, 0, 16;
    %jmp T_15.129;
T_15.115 ;
    %pushi/vec4 0, 0, 32;
    %split/vec4 16;
    %store/vec4 v0x56a6e7692350_0, 0, 16;
    %store/vec4 v0x56a6e7692460_0, 0, 16;
    %jmp T_15.129;
T_15.116 ;
    %pushi/vec4 4292870144, 0, 32;
    %split/vec4 16;
    %store/vec4 v0x56a6e7692350_0, 0, 16;
    %store/vec4 v0x56a6e7692460_0, 0, 16;
    %jmp T_15.129;
T_15.117 ;
    %pushi/vec4 0, 0, 32;
    %split/vec4 16;
    %store/vec4 v0x56a6e7692350_0, 0, 16;
    %store/vec4 v0x56a6e7692460_0, 0, 16;
    %jmp T_15.129;
T_15.118 ;
    %pushi/vec4 0, 0, 32;
    %split/vec4 16;
    %store/vec4 v0x56a6e7692350_0, 0, 16;
    %store/vec4 v0x56a6e7692460_0, 0, 16;
    %jmp T_15.129;
T_15.119 ;
    %pushi/vec4 4292870144, 0, 32;
    %split/vec4 16;
    %store/vec4 v0x56a6e7692350_0, 0, 16;
    %store/vec4 v0x56a6e7692460_0, 0, 16;
    %jmp T_15.129;
T_15.120 ;
    %pushi/vec4 0, 0, 32;
    %split/vec4 16;
    %store/vec4 v0x56a6e7692350_0, 0, 16;
    %store/vec4 v0x56a6e7692460_0, 0, 16;
    %jmp T_15.129;
T_15.121 ;
    %pushi/vec4 0, 0, 32;
    %split/vec4 16;
    %store/vec4 v0x56a6e7692350_0, 0, 16;
    %store/vec4 v0x56a6e7692460_0, 0, 16;
    %jmp T_15.129;
T_15.122 ;
    %pushi/vec4 0, 0, 32;
    %split/vec4 16;
    %store/vec4 v0x56a6e7692350_0, 0, 16;
    %store/vec4 v0x56a6e7692460_0, 0, 16;
    %jmp T_15.129;
T_15.123 ;
    %pushi/vec4 0, 0, 32;
    %split/vec4 16;
    %store/vec4 v0x56a6e7692350_0, 0, 16;
    %store/vec4 v0x56a6e7692460_0, 0, 16;
    %jmp T_15.129;
T_15.124 ;
    %pushi/vec4 4292870144, 0, 32;
    %split/vec4 16;
    %store/vec4 v0x56a6e7692350_0, 0, 16;
    %store/vec4 v0x56a6e7692460_0, 0, 16;
    %jmp T_15.129;
T_15.125 ;
    %pushi/vec4 4292870144, 0, 32;
    %split/vec4 16;
    %store/vec4 v0x56a6e7692350_0, 0, 16;
    %store/vec4 v0x56a6e7692460_0, 0, 16;
    %jmp T_15.129;
T_15.126 ;
    %pushi/vec4 4292870144, 0, 32;
    %split/vec4 16;
    %store/vec4 v0x56a6e7692350_0, 0, 16;
    %store/vec4 v0x56a6e7692460_0, 0, 16;
    %jmp T_15.129;
T_15.127 ;
    %pushi/vec4 4292870144, 0, 32;
    %split/vec4 16;
    %store/vec4 v0x56a6e7692350_0, 0, 16;
    %store/vec4 v0x56a6e7692460_0, 0, 16;
    %jmp T_15.129;
T_15.129 ;
    %pop/vec4 1;
    %end;
    .scope S_0x56a6e7689d00;
t_0 %join;
    %jmp T_15;
    .thread T_15, $push;
    .scope S_0x56a6e7689d00;
T_16 ;
    %wait E_0x56a6e75fef80;
    %load/vec4 v0x56a6e7692630_0;
    %store/vec4 v0x56a6e7692050_0, 0, 4;
    %pushi/vec4 0, 0, 1;
    %store/vec4 v0x56a6e7691da0_0, 0, 1;
    %pushi/vec4 0, 0, 1;
    %store/vec4 v0x56a6e7691630_0, 0, 1;
    %pushi/vec4 0, 0, 1;
    %store/vec4 v0x56a6e76918a0_0, 0, 1;
    %pushi/vec4 0, 0, 1;
    %store/vec4 v0x56a6e76916f0_0, 0, 1;
    %load/vec4 v0x56a6e7692630_0;
    %dup/vec4;
    %pushi/vec4 0, 0, 4;
    %cmp/u;
    %jmp/1 T_16.0, 6;
    %dup/vec4;
    %pushi/vec4 1, 0, 4;
    %cmp/u;
    %jmp/1 T_16.1, 6;
    %dup/vec4;
    %pushi/vec4 3, 0, 4;
    %cmp/u;
    %jmp/1 T_16.2, 6;
    %dup/vec4;
    %pushi/vec4 4, 0, 4;
    %cmp/u;
    %jmp/1 T_16.3, 6;
    %dup/vec4;
    %pushi/vec4 6, 0, 4;
    %cmp/u;
    %jmp/1 T_16.4, 6;
    %pushi/vec4 0, 0, 4;
    %store/vec4 v0x56a6e7692050_0, 0, 4;
    %jmp T_16.6;
T_16.0 ;
    %load/vec4 v0x56a6e7692570_0;
    %flag_set/vec4 8;
    %jmp/0xz  T_16.7, 8;
    %pushi/vec4 3, 0, 4;
    %store/vec4 v0x56a6e7692050_0, 0, 4;
T_16.7 ;
    %jmp T_16.6;
T_16.1 ;
    %load/vec4 v0x56a6e7691380_0;
    %load/vec4 v0x56a6e7691cc0_0;
    %pushi/vec4 3, 0, 2;
    %cmp/e;
    %flag_get/vec4 4;
    %and;
    %load/vec4 v0x56a6e7691be0_0;
    %pushi/vec4 3, 0, 2;
    %cmp/e;
    %flag_get/vec4 4;
    %and;
    %flag_set/vec4 8;
    %jmp/0xz  T_16.9, 8;
    %pushi/vec4 3, 0, 4;
    %store/vec4 v0x56a6e7692050_0, 0, 4;
T_16.9 ;
    %jmp T_16.6;
T_16.2 ;
    %pushi/vec4 1, 0, 1;
    %store/vec4 v0x56a6e7691da0_0, 0, 1;
    %load/vec4 v0x56a6e7691b00_0;
    %cmpi/e 3, 0, 2;
    %jmp/0xz  T_16.11, 4;
    %pushi/vec4 4, 0, 4;
    %store/vec4 v0x56a6e7692050_0, 0, 4;
T_16.11 ;
    %jmp T_16.6;
T_16.3 ;
    %load/vec4 v0x56a6e7691f80_0;
    %flag_set/vec4 8;
    %jmp/0xz  T_16.13, 8;
    %pushi/vec4 1, 0, 1;
    %store/vec4 v0x56a6e7691630_0, 0, 1;
    %load/vec4 v0x56a6e7691ee0_0;
    %store/vec4 v0x56a6e7691500_0, 0, 16;
    %load/vec4 v0x56a6e7691e40_0;
    %store/vec4 v0x56a6e7691420_0, 0, 16;
    %load/vec4 v0x56a6e7691960_0;
    %pad/u 32;
    %pushi/vec4 3, 0, 32;
    %cmp/e;
    %flag_get/vec4 4;
    %load/vec4 v0x56a6e7691a40_0;
    %pad/u 32;
    %pushi/vec4 1, 0, 32;
    %cmp/e;
    %flag_get/vec4 4;
    %and;
    %flag_set/vec4 8;
    %jmp/0xz  T_16.15, 8;
    %pushi/vec4 1, 0, 1;
    %store/vec4 v0x56a6e76918a0_0, 0, 1;
    %load/vec4 v0x56a6e76920f0_0;
    %pad/u 32;
    %cmpi/e 15, 0, 32;
    %jmp/0xz  T_16.17, 4;
    %pushi/vec4 6, 0, 4;
    %store/vec4 v0x56a6e7692050_0, 0, 4;
    %jmp T_16.18;
T_16.17 ;
    %pushi/vec4 3, 0, 4;
    %store/vec4 v0x56a6e7692050_0, 0, 4;
T_16.18 ;
    %jmp T_16.16;
T_16.15 ;
    %pushi/vec4 3, 0, 4;
    %store/vec4 v0x56a6e7692050_0, 0, 4;
T_16.16 ;
T_16.13 ;
    %jmp T_16.6;
T_16.4 ;
    %pushi/vec4 1, 0, 1;
    %store/vec4 v0x56a6e76916f0_0, 0, 1;
    %load/vec4 v0x56a6e7692570_0;
    %nor/r;
    %flag_set/vec4 8;
    %jmp/0xz  T_16.19, 8;
    %pushi/vec4 0, 0, 4;
    %store/vec4 v0x56a6e7692050_0, 0, 4;
T_16.19 ;
    %jmp T_16.6;
T_16.6 ;
    %pop/vec4 1;
    %jmp T_16;
    .thread T_16, $push;
    .scope S_0x56a6e7689d00;
T_17 ;
    %wait E_0x56a6e76006b0;
    %load/vec4 v0x56a6e76922b0_0;
    %flag_set/vec4 8;
    %jmp/0xz  T_17.0, 8;
    %pushi/vec4 0, 0, 4;
    %assign/vec4 v0x56a6e7692630_0, 0;
    %pushi/vec4 0, 0, 2;
    %assign/vec4 v0x56a6e7691cc0_0, 0;
    %pushi/vec4 0, 0, 2;
    %assign/vec4 v0x56a6e7691be0_0, 0;
    %pushi/vec4 0, 0, 4;
    %assign/vec4 v0x56a6e76920f0_0, 0;
    %pushi/vec4 0, 0, 2;
    %assign/vec4 v0x56a6e7691960_0, 0;
    %pushi/vec4 0, 0, 1;
    %assign/vec4 v0x56a6e7691a40_0, 0;
    %pushi/vec4 0, 0, 2;
    %assign/vec4 v0x56a6e7691b00_0, 0;
    %pushi/vec4 0, 0, 16;
    %assign/vec4 v0x56a6e7691500_0, 0;
    %pushi/vec4 0, 0, 16;
    %assign/vec4 v0x56a6e7691420_0, 0;
    %jmp T_17.1;
T_17.0 ;
    %load/vec4 v0x56a6e7692050_0;
    %assign/vec4 v0x56a6e7692630_0, 0;
    %load/vec4 v0x56a6e7692630_0;
    %pushi/vec4 0, 0, 4;
    %cmp/e;
    %flag_get/vec4 4;
    %load/vec4 v0x56a6e7692570_0;
    %and;
    %flag_set/vec4 8;
    %jmp/0xz  T_17.2, 8;
    %pushi/vec4 0, 0, 2;
    %assign/vec4 v0x56a6e7691cc0_0, 0;
    %pushi/vec4 0, 0, 2;
    %assign/vec4 v0x56a6e7691be0_0, 0;
    %pushi/vec4 0, 0, 4;
    %assign/vec4 v0x56a6e76920f0_0, 0;
    %pushi/vec4 0, 0, 2;
    %assign/vec4 v0x56a6e7691960_0, 0;
    %pushi/vec4 0, 0, 1;
    %assign/vec4 v0x56a6e7691a40_0, 0;
    %pushi/vec4 0, 0, 2;
    %assign/vec4 v0x56a6e7691b00_0, 0;
T_17.2 ;
    %load/vec4 v0x56a6e7692630_0;
    %cmpi/e 3, 0, 4;
    %jmp/0xz  T_17.4, 4;
    %load/vec4 v0x56a6e7691b00_0;
    %addi 1, 0, 2;
    %assign/vec4 v0x56a6e7691b00_0, 0;
T_17.4 ;
    %load/vec4 v0x56a6e7692630_0;
    %pushi/vec4 4, 0, 4;
    %cmp/e;
    %flag_get/vec4 4;
    %load/vec4 v0x56a6e7691f80_0;
    %and;
    %flag_set/vec4 8;
    %jmp/0xz  T_17.6, 8;
    %pushi/vec4 0, 0, 2;
    %assign/vec4 v0x56a6e7691b00_0, 0;
    %load/vec4 v0x56a6e7691a40_0;
    %cmpi/e 1, 0, 1;
    %jmp/0xz  T_17.8, 4;
    %pushi/vec4 0, 0, 1;
    %assign/vec4 v0x56a6e7691a40_0, 0;
    %load/vec4 v0x56a6e7691960_0;
    %cmpi/e 3, 0, 2;
    %jmp/0xz  T_17.10, 4;
    %pushi/vec4 0, 0, 2;
    %assign/vec4 v0x56a6e7691960_0, 0;
    %load/vec4 v0x56a6e76920f0_0;
    %addi 1, 0, 4;
    %assign/vec4 v0x56a6e76920f0_0, 0;
    %jmp T_17.11;
T_17.10 ;
    %load/vec4 v0x56a6e7691960_0;
    %addi 1, 0, 2;
    %assign/vec4 v0x56a6e7691960_0, 0;
T_17.11 ;
    %jmp T_17.9;
T_17.8 ;
    %load/vec4 v0x56a6e7691a40_0;
    %pad/u 2;
    %addi 1, 0, 2;
    %pad/u 1;
    %assign/vec4 v0x56a6e7691a40_0, 0;
T_17.9 ;
T_17.6 ;
T_17.1 ;
    %jmp T_17;
    .thread T_17;
    .scope S_0x56a6e75be380;
T_18 ;
    %delay 5000, 0;
    %load/vec4 v0x56a6e7694850_0;
    %inv;
    %store/vec4 v0x56a6e7694850_0, 0, 1;
    %jmp T_18;
    .thread T_18;
    .scope S_0x56a6e75be380;
T_19 ;
    %vpi_call 2 54 "$dumpfile", "tb.vcd" {0 0 0};
    %vpi_call 2 55 "$dumpvars" {0 0 0};
    %pushi/vec4 0, 0, 1;
    %store/vec4 v0x56a6e7694850_0, 0, 1;
    %fork TD_tb_matrix_multiplier.initialize_signals, S_0x56a6e7692fa0;
    %join;
    %fork TD_tb_matrix_multiplier.reset_dut, S_0x56a6e7693cb0;
    %join;
    %fork TD_tb_matrix_multiplier.read_h_matrix_from_file, S_0x56a6e7693540;
    %join;
    %pushi/vec4 1, 0, 4;
    %store/vec4 v0x56a6e7694290_0, 0, 4;
    %fork TD_tb_matrix_multiplier.run_and_capture_hq, S_0x56a6e7693e90;
    %join;
    %pushi/vec4 1, 0, 4;
    %store/vec4 v0x56a6e7693460_0, 0, 4;
    %fork TD_tb_matrix_multiplier.print_results, S_0x56a6e7693130;
    %join;
    %wait E_0x56a6e75fe850;
    %wait E_0x56a6e75fe850;
    %pushi/vec4 0, 0, 4;
    %store/vec4 v0x56a6e7694290_0, 0, 4;
    %fork TD_tb_matrix_multiplier.run_and_capture_hq, S_0x56a6e7693e90;
    %join;
    %pushi/vec4 0, 0, 4;
    %store/vec4 v0x56a6e7693460_0, 0, 4;
    %fork TD_tb_matrix_multiplier.print_results, S_0x56a6e7693130;
    %join;
    %vpi_call 2 71 "$finish" {0 0 0};
    %end;
    .thread T_19;
# The file index is used to find the file name in the following table.
:file_names 7;
    "N/A";
    "<interactive>";
    "tb_matrix_multiplier.sv";
    "matrix_multiplier.v";
    "c_mac.v";
    "cmult.v";
    "qmult.v";
